<?xml version="1.0" encoding="UTF-8"?>
<testsuite name="swteam6.backend.BackendApplicationTests" tests="2" skipped="0" failures="0" errors="0" timestamp="2025-05-01T12:19:54" hostname="DESKTOP-D14F42S" time="0.89">
  <properties/>
  <testcase name="UserService - 회원가입 성공 테스트" classname="swteam6.backend.BackendApplicationTests" time="0.877"/>
  <testcase name="contextLoads()" classname="swteam6.backend.BackendApplicationTests" time="0.01"/>
  <system-out><![CDATA[21:19:44.344 [Test worker] INFO org.springframework.test.context.support.AnnotationConfigContextLoaderUtils -- Could not detect default configuration classes for test class [swteam6.backend.BackendApplicationTests]: BackendApplicationTests does not declare any static, non-private, non-final, nested classes annotated with @Configuration.
21:19:44.609 [Test worker] INFO org.springframework.boot.test.context.SpringBootTestContextBootstrapper -- Found @SpringBootConfiguration swteam6.backend.BackendApplication for test class swteam6.backend.BackendApplicationTests

  .   ____          _            __ _ _
 /\\ / ___'_ __ _ _(_)_ __  __ _ \ \ \ \
( ( )\___ | '_ | '_| | '_ \/ _` | \ \ \ \
 \\/  ___)| |_)| | | | | || (_| |  ) ) ) )
  '  |____| .__|_| |_|_| |_\__, | / / / /
 =========|_|==============|___/=/_/_/_/

 :: Spring Boot ::                (v3.4.4)

2025-05-01T21:19:45.833+09:00  INFO 9124 --- [    Test worker] s.backend.BackendApplicationTests        : Starting BackendApplicationTests using Java 17.0.14 with PID 9124 (started by user in C:\Users\user\team_project\backend\backend)
2025-05-01T21:19:45.839+09:00 DEBUG 9124 --- [    Test worker] s.backend.BackendApplicationTests        : Running with Spring Boot v3.4.4, Spring v6.2.5
2025-05-01T21:19:45.839+09:00  INFO 9124 --- [    Test worker] s.backend.BackendApplicationTests        : No active profile set, falling back to 1 default profile: "default"
2025-05-01T21:19:45.841+09:00 DEBUG 9124 --- [    Test worker] o.s.boot.SpringApplication               : Loading source class swteam6.backend.BackendApplication
2025-05-01T21:19:45.912+09:00 DEBUG 9124 --- [    Test worker] o.s.w.c.s.GenericWebApplicationContext   : Refreshing org.springframework.web.context.support.GenericWebApplicationContext@1aeff8ca
2025-05-01T21:19:45.962+09:00 DEBUG 9124 --- [    Test worker] o.s.b.f.s.DefaultListableBeanFactory     : Creating shared instance of singleton bean 'org.springframework.context.annotation.internalConfigurationAnnotationProcessor'
2025-05-01T21:19:46.008+09:00 DEBUG 9124 --- [    Test worker] o.s.b.f.s.DefaultListableBeanFactory     : Creating shared instance of singleton bean 'org.springframework.boot.autoconfigure.internalCachingMetadataReaderFactory'
2025-05-01T21:19:46.095+09:00 DEBUG 9124 --- [    Test worker] o.s.c.a.ClassPathBeanDefinitionScanner   : Identified candidate component class: file [C:\Users\user\team_project\backend\backend\build\classes\java\main\swteam6\backend\controller\AuthController.class]
2025-05-01T21:19:46.098+09:00 DEBUG 9124 --- [    Test worker] o.s.c.a.ClassPathBeanDefinitionScanner   : Identified candidate component class: file [C:\Users\user\team_project\backend\backend\build\classes\java\main\swteam6\backend\controller\PlaceController.class]
2025-05-01T21:19:46.100+09:00 DEBUG 9124 --- [    Test worker] o.s.c.a.ClassPathBeanDefinitionScanner   : Identified candidate component class: file [C:\Users\user\team_project\backend\backend\build\classes\java\main\swteam6\backend\controller\ReviewController.class]
2025-05-01T21:19:46.118+09:00 DEBUG 9124 --- [    Test worker] o.s.c.a.ClassPathBeanDefinitionScanner   : Ignored because not a concrete top-level class: file [C:\Users\user\team_project\backend\backend\build\classes\java\main\swteam6\backend\repository\PlaceRepository.class]
2025-05-01T21:19:46.119+09:00 DEBUG 9124 --- [    Test worker] o.s.c.a.ClassPathBeanDefinitionScanner   : Ignored because not a concrete top-level class: file [C:\Users\user\team_project\backend\backend\build\classes\java\main\swteam6\backend\repository\ReviewRepository.class]
2025-05-01T21:19:46.120+09:00 DEBUG 9124 --- [    Test worker] o.s.c.a.ClassPathBeanDefinitionScanner   : Ignored because not a concrete top-level class: file [C:\Users\user\team_project\backend\backend\build\classes\java\main\swteam6\backend\repository\UserRepository.class]
2025-05-01T21:19:46.123+09:00 DEBUG 9124 --- [    Test worker] o.s.c.a.ClassPathBeanDefinitionScanner   : Identified candidate component class: file [C:\Users\user\team_project\backend\backend\build\classes\java\main\swteam6\backend\service\PlaceService.class]
2025-05-01T21:19:46.126+09:00 DEBUG 9124 --- [    Test worker] o.s.c.a.ClassPathBeanDefinitionScanner   : Identified candidate component class: file [C:\Users\user\team_project\backend\backend\build\classes\java\main\swteam6\backend\service\ReviewService.class]
2025-05-01T21:19:46.127+09:00 DEBUG 9124 --- [    Test worker] o.s.c.a.ClassPathBeanDefinitionScanner   : Identified candidate component class: file [C:\Users\user\team_project\backend\backend\build\classes\java\main\swteam6\backend\service\UserService.class]
2025-05-01T21:19:47.114+09:00  INFO 9124 --- [    Test worker] .s.d.r.c.RepositoryConfigurationDelegate : Bootstrapping Spring Data JPA repositories in DEFAULT mode.
2025-05-01T21:19:47.130+09:00 DEBUG 9124 --- [    Test worker] o.s.b.f.s.DefaultListableBeanFactory     : Creating shared instance of singleton bean 'org.springframework.boot.autoconfigure.AutoConfigurationPackages'
2025-05-01T21:19:47.145+09:00 DEBUG 9124 --- [    Test worker] o.s.b.a.AutoConfigurationPackages        : @EnableAutoConfiguration was declared on a class in the package 'swteam6.backend'. Automatic @Repository and @Entity scanning is enabled.
2025-05-01T21:19:47.147+09:00 DEBUG 9124 --- [    Test worker] .s.d.r.c.RepositoryConfigurationDelegate : Scanning for JPA repositories in packages swteam6.backend.
2025-05-01T21:19:47.164+09:00 DEBUG 9124 --- [    Test worker] o.s.d.r.c.RepositoryComponentProvider    : Identified candidate component class: file [C:\Users\user\team_project\backend\backend\build\classes\java\main\swteam6\backend\repository\PlaceRepository.class]
2025-05-01T21:19:47.165+09:00 DEBUG 9124 --- [    Test worker] o.s.d.r.c.RepositoryComponentProvider    : Identified candidate component class: file [C:\Users\user\team_project\backend\backend\build\classes\java\main\swteam6\backend\repository\ReviewRepository.class]
2025-05-01T21:19:47.165+09:00 DEBUG 9124 --- [    Test worker] o.s.d.r.c.RepositoryComponentProvider    : Identified candidate component class: file [C:\Users\user\team_project\backend\backend\build\classes\java\main\swteam6\backend\repository\UserRepository.class]
2025-05-01T21:19:47.231+09:00  INFO 9124 --- [    Test worker] .s.d.r.c.RepositoryConfigurationDelegate : Finished Spring Data repository scanning in 82 ms. Found 3 JPA repository interfaces.
2025-05-01T21:19:47.370+09:00 DEBUG 9124 --- [    Test worker] o.s.b.f.s.DefaultListableBeanFactory     : Creating shared instance of singleton bean 'propertySourcesPlaceholderConfigurer'
2025-05-01T21:19:47.379+09:00 DEBUG 9124 --- [    Test worker] o.s.b.f.s.DefaultListableBeanFactory     : Creating shared instance of singleton bean 'org.springframework.boot.test.mock.mockito.MockitoPostProcessor'
2025-05-01T21:19:47.381+09:00 DEBUG 9124 --- [    Test worker] o.s.b.f.s.DefaultListableBeanFactory     : Creating shared instance of singleton bean 'emBeanDefinitionRegistrarPostProcessor'
2025-05-01T21:19:47.382+09:00 DEBUG 9124 --- [    Test worker] o.s.b.f.s.DefaultListableBeanFactory     : Creating shared instance of singleton bean 'org.springframework.boot.sql.init.dependency.DatabaseInitializationDependencyConfigurer$DependsOnDatabaseInitializationPostProcessor'
2025-05-01T21:19:47.448+09:00 DEBUG 9124 --- [    Test worker] o.s.b.f.s.DefaultListableBeanFactory     : Creating shared instance of singleton bean 'org.springframework.context.event.internalEventListenerProcessor'
2025-05-01T21:19:47.452+09:00 DEBUG 9124 --- [    Test worker] o.s.b.f.s.DefaultListableBeanFactory     : Creating shared instance of singleton bean 'preserveErrorControllerTargetClassPostProcessor'
2025-05-01T21:19:47.454+09:00 DEBUG 9124 --- [    Test worker] o.s.b.f.s.DefaultListableBeanFactory     : Creating shared instance of singleton bean 'org.springframework.context.event.internalEventListenerFactory'
2025-05-01T21:19:47.454+09:00 DEBUG 9124 --- [    Test worker] o.s.b.f.s.DefaultListableBeanFactory     : Creating shared instance of singleton bean 'org.springframework.transaction.config.internalTransactionalEventListenerFactory'
2025-05-01T21:19:47.460+09:00 DEBUG 9124 --- [    Test worker] o.s.b.f.s.DefaultListableBeanFactory     : Creating shared instance of singleton bean 'org.springframework.boot.test.mock.mockito.MockitoPostProcessor$SpyPostProcessor'
2025-05-01T21:19:47.462+09:00 DEBUG 9124 --- [    Test worker] o.s.b.f.s.DefaultListableBeanFactory     : Creating shared instance of singleton bean 'org.springframework.context.annotation.internalAutowiredAnnotationProcessor'
2025-05-01T21:19:47.465+09:00 DEBUG 9124 --- [    Test worker] o.s.b.f.s.DefaultListableBeanFactory     : Creating shared instance of singleton bean 'org.springframework.context.annotation.internalCommonAnnotationProcessor'
2025-05-01T21:19:47.473+09:00 DEBUG 9124 --- [    Test worker] o.s.b.f.s.DefaultListableBeanFactory     : Creating shared instance of singleton bean 'org.springframework.context.annotation.internalPersistenceAnnotationProcessor'
2025-05-01T21:19:47.475+09:00 DEBUG 9124 --- [    Test worker] o.s.b.f.s.DefaultListableBeanFactory     : Creating shared instance of singleton bean 'org.springframework.boot.context.properties.ConfigurationPropertiesBindingPostProcessor'
2025-05-01T21:19:47.475+09:00 DEBUG 9124 --- [    Test worker] o.s.b.f.s.DefaultListableBeanFactory     : Creating shared instance of singleton bean 'org.springframework.boot.context.internalConfigurationPropertiesBinder'
2025-05-01T21:19:47.480+09:00 DEBUG 9124 --- [    Test worker] o.s.b.f.s.DefaultListableBeanFactory     : Creating shared instance of singleton bean 'jdbcConnectionDetailsHikariBeanPostProcessor'
2025-05-01T21:19:47.486+09:00 DEBUG 9124 --- [    Test worker] o.s.b.f.s.DefaultListableBeanFactory     : Creating shared instance of singleton bean 'org.springframework.aop.config.internalAutoProxyCreator'
2025-05-01T21:19:47.524+09:00 DEBUG 9124 --- [    Test worker] o.s.b.f.s.DefaultListableBeanFactory     : Creating shared instance of singleton bean 'persistenceExceptionTranslationPostProcessor'
2025-05-01T21:19:47.526+09:00 DEBUG 9124 --- [    Test worker] o.s.b.f.s.DefaultListableBeanFactory     : Autowiring by type from bean name 'persistenceExceptionTranslationPostProcessor' via factory method to bean named 'environment'
2025-05-01T21:19:47.534+09:00 DEBUG 9124 --- [    Test worker] o.s.b.f.s.DefaultListableBeanFactory     : Creating shared instance of singleton bean 'webServerFactoryCustomizerBeanPostProcessor'
2025-05-01T21:19:47.535+09:00 DEBUG 9124 --- [    Test worker] o.s.b.f.s.DefaultListableBeanFactory     : Creating shared instance of singleton bean 'errorPageRegistrarBeanPostProcessor'
2025-05-01T21:19:47.537+09:00 DEBUG 9124 --- [    Test worker] o.s.b.f.s.DefaultListableBeanFactory     : Creating shared instance of singleton bean 'projectingArgumentResolverBeanPostProcessor'
2025-05-01T21:19:47.539+09:00 DEBUG 9124 --- [    Test worker] o.s.b.f.s.DefaultListableBeanFactory     : Creating shared instance of singleton bean 'org.springframework.transaction.config.internalTransactionAdvisor'
2025-05-01T21:19:47.539+09:00 DEBUG 9124 --- [    Test worker] o.s.b.f.s.DefaultListableBeanFactory     : Creating shared instance of singleton bean 'org.springframework.transaction.annotation.ProxyTransactionManagementConfiguration'
2025-05-01T21:19:47.574+09:00 DEBUG 9124 --- [    Test worker] o.s.b.f.s.DefaultListableBeanFactory     : Creating shared instance of singleton bean 'transactionAttributeSource'
2025-05-01T21:19:47.576+09:00 DEBUG 9124 --- [    Test worker] o.s.b.f.s.DefaultListableBeanFactory     : Creating shared instance of singleton bean 'transactionInterceptor'
2025-05-01T21:19:47.578+09:00 DEBUG 9124 --- [    Test worker] o.s.b.f.s.DefaultListableBeanFactory     : Autowiring by type from bean name 'transactionInterceptor' via factory method to bean named 'transactionAttributeSource'
2025-05-01T21:19:47.592+09:00 DEBUG 9124 --- [    Test worker] o.s.b.f.s.DefaultListableBeanFactory     : Autowiring by type from bean name 'org.springframework.transaction.config.internalTransactionAdvisor' via factory method to bean named 'transactionAttributeSource'
2025-05-01T21:19:47.592+09:00 DEBUG 9124 --- [    Test worker] o.s.b.f.s.DefaultListableBeanFactory     : Autowiring by type from bean name 'org.springframework.transaction.config.internalTransactionAdvisor' via factory method to bean named 'transactionInterceptor'
2025-05-01T21:19:47.639+09:00 DEBUG 9124 --- [    Test worker] o.s.u.c.s.UiApplicationContextUtils      : Unable to locate ThemeSource with name 'themeSource': using default [org.springframework.ui.context.support.ResourceBundleThemeSource@368e7d3a]
2025-05-01T21:19:47.641+09:00 DEBUG 9124 --- [    Test worker] o.s.b.f.s.DefaultListableBeanFactory     : Creating shared instance of singleton bean 'org.springframework.test.context.support.internalDynamicPropertyRegistrarBeanInitializer'
2025-05-01T21:19:47.644+09:00 DEBUG 9124 --- [    Test worker] o.s.b.f.s.DefaultListableBeanFactory     : Creating shared instance of singleton bean 'entityManagerFactory'
2025-05-01T21:19:47.644+09:00 DEBUG 9124 --- [    Test worker] o.s.b.f.s.DefaultListableBeanFactory     : Creating shared instance of singleton bean 'org.springframework.boot.autoconfigure.orm.jpa.HibernateJpaConfiguration'
2025-05-01T21:19:47.645+09:00 DEBUG 9124 --- [    Test worker] o.s.b.f.s.DefaultListableBeanFactory     : Creating shared instance of singleton bean 'dataSource'
2025-05-01T21:19:47.646+09:00 DEBUG 9124 --- [    Test worker] o.s.b.f.s.DefaultListableBeanFactory     : Creating shared instance of singleton bean 'org.springframework.boot.autoconfigure.jdbc.DataSourceConfiguration$Hikari'
2025-05-01T21:19:47.648+09:00 DEBUG 9124 --- [    Test worker] o.s.b.f.s.DefaultListableBeanFactory     : Creating shared instance of singleton bean 'spring.datasource-org.springframework.boot.autoconfigure.jdbc.DataSourceProperties'
2025-05-01T21:19:47.650+09:00 DEBUG 9124 --- [    Test worker] o.s.b.f.s.DefaultListableBeanFactory     : Creating shared instance of singleton bean 'org.springframework.boot.context.properties.BoundConfigurationProperties'
2025-05-01T21:19:47.676+09:00 DEBUG 9124 --- [    Test worker] o.s.b.f.s.DefaultListableBeanFactory     : Creating shared instance of singleton bean 'jdbcConnectionDetails'
2025-05-01T21:19:47.677+09:00 DEBUG 9124 --- [    Test worker] o.s.b.f.s.DefaultListableBeanFactory     : Creating shared instance of singleton bean 'org.springframework.boot.autoconfigure.jdbc.DataSourceAutoConfiguration$PooledDataSourceConfiguration'
2025-05-01T21:19:47.679+09:00 DEBUG 9124 --- [    Test worker] o.s.b.f.s.DefaultListableBeanFactory     : Autowiring by type from bean name 'jdbcConnectionDetails' via factory method to bean named 'spring.datasource-org.springframework.boot.autoconfigure.jdbc.DataSourceProperties'
2025-05-01T21:19:47.681+09:00 DEBUG 9124 --- [    Test worker] o.s.b.f.s.DefaultListableBeanFactory     : Autowiring by type from bean name 'dataSource' via factory method to bean named 'spring.datasource-org.springframework.boot.autoconfigure.jdbc.DataSourceProperties'
2025-05-01T21:19:47.681+09:00 DEBUG 9124 --- [    Test worker] o.s.b.f.s.DefaultListableBeanFactory     : Autowiring by type from bean name 'dataSource' via factory method to bean named 'jdbcConnectionDetails'
2025-05-01T21:19:47.688+09:00 DEBUG 9124 --- [    Test worker] com.zaxxer.hikari.HikariConfig           : Driver class org.postgresql.Driver found in Thread context class loader jdk.internal.loader.ClassLoaders$AppClassLoader@63947c6b
2025-05-01T21:19:47.716+09:00 DEBUG 9124 --- [    Test worker] o.s.b.f.s.DefaultListableBeanFactory     : Creating shared instance of singleton bean 'spring.jpa-org.springframework.boot.autoconfigure.orm.jpa.JpaProperties'
2025-05-01T21:19:47.723+09:00 DEBUG 9124 --- [    Test worker] o.s.b.f.s.DefaultListableBeanFactory     : Creating shared instance of singleton bean 'spring.jpa.hibernate-org.springframework.boot.autoconfigure.orm.jpa.HibernateProperties'
2025-05-01T21:19:47.726+09:00 DEBUG 9124 --- [    Test worker] o.s.b.f.s.DefaultListableBeanFactory     : Autowiring by type from bean name 'org.springframework.boot.autoconfigure.orm.jpa.HibernateJpaConfiguration' via constructor to bean named 'dataSource'
2025-05-01T21:19:47.726+09:00 DEBUG 9124 --- [    Test worker] o.s.b.f.s.DefaultListableBeanFactory     : Autowiring by type from bean name 'org.springframework.boot.autoconfigure.orm.jpa.HibernateJpaConfiguration' via constructor to bean named 'spring.jpa-org.springframework.boot.autoconfigure.orm.jpa.JpaProperties'
2025-05-01T21:19:47.726+09:00 DEBUG 9124 --- [    Test worker] o.s.b.f.s.DefaultListableBeanFactory     : Autowiring by type from bean name 'org.springframework.boot.autoconfigure.orm.jpa.HibernateJpaConfiguration' via constructor to bean named 'org.springframework.beans.factory.support.DefaultListableBeanFactory@301d84f6'
2025-05-01T21:19:47.726+09:00 DEBUG 9124 --- [    Test worker] o.s.b.f.s.DefaultListableBeanFactory     : Autowiring by type from bean name 'org.springframework.boot.autoconfigure.orm.jpa.HibernateJpaConfiguration' via constructor to bean named 'spring.jpa.hibernate-org.springframework.boot.autoconfigure.orm.jpa.HibernateProperties'
2025-05-01T21:19:47.729+09:00 DEBUG 9124 --- [    Test worker] o.s.b.f.s.DefaultListableBeanFactory     : Creating shared instance of singleton bean 'hikariPoolDataSourceMetadataProvider'
2025-05-01T21:19:47.729+09:00 DEBUG 9124 --- [    Test worker] o.s.b.f.s.DefaultListableBeanFactory     : Creating shared instance of singleton bean 'org.springframework.boot.autoconfigure.jdbc.metadata.DataSourcePoolMetadataProvidersConfiguration$HikariPoolDataSourceMetadataProviderConfiguration'
2025-05-01T21:19:47.739+09:00 DEBUG 9124 --- [    Test worker] o.s.b.f.s.DefaultListableBeanFactory     : Creating shared instance of singleton bean 'entityManagerFactoryBuilder'
2025-05-01T21:19:47.741+09:00 DEBUG 9124 --- [    Test worker] o.s.b.f.s.DefaultListableBeanFactory     : Creating shared instance of singleton bean 'jpaVendorAdapter'
2025-05-01T21:19:47.769+09:00 DEBUG 9124 --- [    Test worker] org.jboss.logging                        : Logging Provider: org.jboss.logging.Slf4jLoggerProvider found via system property
2025-05-01T21:19:47.775+09:00 DEBUG 9124 --- [    Test worker] o.s.b.f.s.DefaultListableBeanFactory     : Autowiring by type from bean name 'entityManagerFactoryBuilder' via factory method to bean named 'jpaVendorAdapter'
2025-05-01T21:19:47.781+09:00 DEBUG 9124 --- [    Test worker] o.s.b.f.s.DefaultListableBeanFactory     : Creating shared instance of singleton bean 'persistenceManagedTypes'
2025-05-01T21:19:47.783+09:00 DEBUG 9124 --- [    Test worker] o.s.b.f.s.DefaultListableBeanFactory     : Autowiring by type from bean name 'persistenceManagedTypes' via factory method to bean named 'org.springframework.beans.factory.support.DefaultListableBeanFactory@301d84f6'
2025-05-01T21:19:47.783+09:00 DEBUG 9124 --- [    Test worker] o.s.b.f.s.DefaultListableBeanFactory     : Autowiring by type from bean name 'persistenceManagedTypes' via factory method to bean named 'org.springframework.web.context.support.GenericWebApplicationContext@1aeff8ca'
2025-05-01T21:19:47.797+09:00 DEBUG 9124 --- [    Test worker] o.s.b.f.s.DefaultListableBeanFactory     : Autowiring by type from bean name 'entityManagerFactory' via factory method to bean named 'entityManagerFactoryBuilder'
2025-05-01T21:19:47.798+09:00 DEBUG 9124 --- [    Test worker] o.s.b.f.s.DefaultListableBeanFactory     : Autowiring by type from bean name 'entityManagerFactory' via factory method to bean named 'persistenceManagedTypes'
2025-05-01T21:19:47.848+09:00 DEBUG 9124 --- [    Test worker] j.LocalContainerEntityManagerFactoryBean : Building JPA container EntityManagerFactory for persistence unit 'default'
2025-05-01T21:19:47.903+09:00 DEBUG 9124 --- [    Test worker] o.hibernate.jpa.internal.util.LogHelper  : PersistenceUnitInfo [
	name: default
	persistence provider classname: null
	classloader: jdk.internal.loader.ClassLoaders$AppClassLoader@63947c6b
	excludeUnlistedClasses: true
	JTA datasource: null
	Non JTA datasource: HikariDataSource (null)
	Transaction type: RESOURCE_LOCAL
	PU root URL: file:/C:/Users/user/team_project/backend/backend/build/classes/java/test/
	Shared Cache Mode: UNSPECIFIED
	Validation Mode: AUTO
	Jar files URLs []
	Managed classes names [
		swteam6.backend.entity.Place
		swteam6.backend.entity.Review
		swteam6.backend.entity.ReviewTag
		swteam6.backend.entity.User]
	Mapping files names []
	Properties []
2025-05-01T21:19:47.922+09:00 DEBUG 9124 --- [    Test worker] o.h.i.internal.IntegratorServiceImpl     : Adding Integrator [org.hibernate.boot.beanvalidation.BeanValidationIntegrator].
2025-05-01T21:19:47.925+09:00 DEBUG 9124 --- [    Test worker] o.h.i.internal.IntegratorServiceImpl     : Adding Integrator [org.hibernate.cache.internal.CollectionCacheInvalidator].
2025-05-01T21:19:48.053+09:00  INFO 9124 --- [    Test worker] org.hibernate.Version                    : HHH000412: Hibernate ORM core version 6.6.11.Final
2025-05-01T21:19:48.056+09:00 DEBUG 9124 --- [    Test worker] org.hibernate.cfg.Environment            : HHH000206: 'hibernate.properties' not found
2025-05-01T21:19:48.117+09:00 DEBUG 9124 --- [    Test worker] org.hibernate.orm.idgen.factory          : Registering IdentifierGenerator strategy [uuid2] -> [org.hibernate.id.UUIDGenerator]
2025-05-01T21:19:48.117+09:00 DEBUG 9124 --- [    Test worker] org.hibernate.orm.idgen.factory          : Registering IdentifierGenerator strategy [guid] -> [org.hibernate.id.GUIDGenerator]
2025-05-01T21:19:48.118+09:00 DEBUG 9124 --- [    Test worker] org.hibernate.orm.idgen.factory          : Registering IdentifierGenerator strategy [uuid] -> [org.hibernate.id.UUIDHexGenerator]
2025-05-01T21:19:48.118+09:00 DEBUG 9124 --- [    Test worker] org.hibernate.orm.idgen.factory          : Registering IdentifierGenerator strategy [uuid.hex] -> [org.hibernate.id.UUIDHexGenerator]
2025-05-01T21:19:48.119+09:00 DEBUG 9124 --- [    Test worker] org.hibernate.orm.idgen.factory          : Registering IdentifierGenerator strategy [assigned] -> [org.hibernate.id.Assigned]
2025-05-01T21:19:48.122+09:00 DEBUG 9124 --- [    Test worker] org.hibernate.orm.idgen.factory          : Registering IdentifierGenerator strategy [identity] -> [org.hibernate.id.IdentityGenerator]
2025-05-01T21:19:48.122+09:00 DEBUG 9124 --- [    Test worker] org.hibernate.orm.idgen.factory          : Registering IdentifierGenerator strategy [select] -> [org.hibernate.id.SelectGenerator]
2025-05-01T21:19:48.124+09:00 DEBUG 9124 --- [    Test worker] org.hibernate.orm.idgen.factory          : Registering IdentifierGenerator strategy [sequence] -> [org.hibernate.id.enhanced.SequenceStyleGenerator]
2025-05-01T21:19:48.125+09:00 DEBUG 9124 --- [    Test worker] org.hibernate.orm.idgen.factory          : Registering IdentifierGenerator strategy [increment] -> [org.hibernate.id.IncrementGenerator]
2025-05-01T21:19:48.127+09:00 DEBUG 9124 --- [    Test worker] org.hibernate.orm.idgen.factory          : Registering IdentifierGenerator strategy [foreign] -> [org.hibernate.id.ForeignGenerator]
2025-05-01T21:19:48.128+09:00 DEBUG 9124 --- [    Test worker] org.hibernate.orm.idgen.factory          : Registering IdentifierGenerator strategy [enhanced-sequence] -> [org.hibernate.id.enhanced.SequenceStyleGenerator]
2025-05-01T21:19:48.129+09:00 DEBUG 9124 --- [    Test worker] org.hibernate.orm.idgen.factory          : Registering IdentifierGenerator strategy [enhanced-table] -> [org.hibernate.id.enhanced.TableGenerator]
2025-05-01T21:19:48.142+09:00 DEBUG 9124 --- [    Test worker] o.h.c.internal.RegionFactoryInitiator    : Cannot default RegionFactory based on registered strategies as `[]` RegionFactory strategies were registered
2025-05-01T21:19:48.145+09:00  INFO 9124 --- [    Test worker] o.h.c.internal.RegionFactoryInitiator    : HHH000026: Second-level cache disabled
2025-05-01T21:19:48.417+09:00 DEBUG 9124 --- [    Test worker] org.hibernate.type.BasicTypeRegistry     : Adding type registration boolean -> org.hibernate.type.BasicTypeReference@7b4b6dca
2025-05-01T21:19:48.417+09:00 DEBUG 9124 --- [    Test worker] org.hibernate.type.BasicTypeRegistry     : Adding type registration boolean -> org.hibernate.type.BasicTypeReference@7b4b6dca
2025-05-01T21:19:48.417+09:00 DEBUG 9124 --- [    Test worker] org.hibernate.type.BasicTypeRegistry     : Adding type registration java.lang.Boolean -> org.hibernate.type.BasicTypeReference@7b4b6dca
2025-05-01T21:19:48.418+09:00 DEBUG 9124 --- [    Test worker] org.hibernate.type.BasicTypeRegistry     : Adding type registration numeric_boolean -> org.hibernate.type.BasicTypeReference@3622c9f0
2025-05-01T21:19:48.418+09:00 DEBUG 9124 --- [    Test worker] org.hibernate.type.BasicTypeRegistry     : Adding type registration org.hibernate.type.NumericBooleanConverter -> org.hibernate.type.BasicTypeReference@3622c9f0
2025-05-01T21:19:48.418+09:00 DEBUG 9124 --- [    Test worker] org.hibernate.type.BasicTypeRegistry     : Adding type registration true_false -> org.hibernate.type.BasicTypeReference@99a89e9
2025-05-01T21:19:48.419+09:00 DEBUG 9124 --- [    Test worker] org.hibernate.type.BasicTypeRegistry     : Adding type registration org.hibernate.type.TrueFalseConverter -> org.hibernate.type.BasicTypeReference@99a89e9
2025-05-01T21:19:48.419+09:00 DEBUG 9124 --- [    Test worker] org.hibernate.type.BasicTypeRegistry     : Adding type registration yes_no -> org.hibernate.type.BasicTypeReference@5baabba
2025-05-01T21:19:48.419+09:00 DEBUG 9124 --- [    Test worker] org.hibernate.type.BasicTypeRegistry     : Adding type registration org.hibernate.type.YesNoConverter -> org.hibernate.type.BasicTypeReference@5baabba
2025-05-01T21:19:48.419+09:00 DEBUG 9124 --- [    Test worker] org.hibernate.type.BasicTypeRegistry     : Adding type registration byte -> org.hibernate.type.BasicTypeReference@253fb3fa
2025-05-01T21:19:48.419+09:00 DEBUG 9124 --- [    Test worker] org.hibernate.type.BasicTypeRegistry     : Adding type registration byte -> org.hibernate.type.BasicTypeReference@253fb3fa
2025-05-01T21:19:48.419+09:00 DEBUG 9124 --- [    Test worker] org.hibernate.type.BasicTypeRegistry     : Adding type registration java.lang.Byte -> org.hibernate.type.BasicTypeReference@253fb3fa
2025-05-01T21:19:48.420+09:00 DEBUG 9124 --- [    Test worker] org.hibernate.type.BasicTypeRegistry     : Adding type registration binary -> org.hibernate.type.BasicTypeReference@57283e4
2025-05-01T21:19:48.420+09:00 DEBUG 9124 --- [    Test worker] org.hibernate.type.BasicTypeRegistry     : Adding type registration byte[] -> org.hibernate.type.BasicTypeReference@57283e4
2025-05-01T21:19:48.420+09:00 DEBUG 9124 --- [    Test worker] org.hibernate.type.BasicTypeRegistry     : Adding type registration [B -> org.hibernate.type.BasicTypeReference@57283e4
2025-05-01T21:19:48.420+09:00 DEBUG 9124 --- [    Test worker] org.hibernate.type.BasicTypeRegistry     : Adding type registration binary_wrapper -> org.hibernate.type.BasicTypeReference@58fa8762
2025-05-01T21:19:48.420+09:00 DEBUG 9124 --- [    Test worker] org.hibernate.type.BasicTypeRegistry     : Adding type registration wrapper-binary -> org.hibernate.type.BasicTypeReference@58fa8762
2025-05-01T21:19:48.420+09:00 DEBUG 9124 --- [    Test worker] org.hibernate.type.BasicTypeRegistry     : Adding type registration image -> org.hibernate.type.BasicTypeReference@8cd00bc
2025-05-01T21:19:48.421+09:00 DEBUG 9124 --- [    Test worker] org.hibernate.type.BasicTypeRegistry     : Adding type registration blob -> org.hibernate.type.BasicTypeReference@5035c23c
2025-05-01T21:19:48.421+09:00 DEBUG 9124 --- [    Test worker] org.hibernate.type.BasicTypeRegistry     : Adding type registration java.sql.Blob -> org.hibernate.type.BasicTypeReference@5035c23c
2025-05-01T21:19:48.421+09:00 DEBUG 9124 --- [    Test worker] org.hibernate.type.BasicTypeRegistry     : Adding type registration materialized_blob -> org.hibernate.type.BasicTypeReference@4149067d
2025-05-01T21:19:48.421+09:00 DEBUG 9124 --- [    Test worker] org.hibernate.type.BasicTypeRegistry     : Adding type registration materialized_blob_wrapper -> org.hibernate.type.BasicTypeReference@4d8458a1
2025-05-01T21:19:48.421+09:00 DEBUG 9124 --- [    Test worker] org.hibernate.type.BasicTypeRegistry     : Adding type registration short -> org.hibernate.type.BasicTypeReference@2d2c794d
2025-05-01T21:19:48.422+09:00 DEBUG 9124 --- [    Test worker] org.hibernate.type.BasicTypeRegistry     : Adding type registration short -> org.hibernate.type.BasicTypeReference@2d2c794d
2025-05-01T21:19:48.422+09:00 DEBUG 9124 --- [    Test worker] org.hibernate.type.BasicTypeRegistry     : Adding type registration java.lang.Short -> org.hibernate.type.BasicTypeReference@2d2c794d
2025-05-01T21:19:48.422+09:00 DEBUG 9124 --- [    Test worker] org.hibernate.type.BasicTypeRegistry     : Adding type registration integer -> org.hibernate.type.BasicTypeReference@53f67af6
2025-05-01T21:19:48.422+09:00 DEBUG 9124 --- [    Test worker] org.hibernate.type.BasicTypeRegistry     : Adding type registration int -> org.hibernate.type.BasicTypeReference@53f67af6
2025-05-01T21:19:48.422+09:00 DEBUG 9124 --- [    Test worker] org.hibernate.type.BasicTypeRegistry     : Adding type registration java.lang.Integer -> org.hibernate.type.BasicTypeReference@53f67af6
2025-05-01T21:19:48.422+09:00 DEBUG 9124 --- [    Test worker] org.hibernate.type.BasicTypeRegistry     : Adding type registration long -> org.hibernate.type.BasicTypeReference@5a85f41b
2025-05-01T21:19:48.423+09:00 DEBUG 9124 --- [    Test worker] org.hibernate.type.BasicTypeRegistry     : Adding type registration long -> org.hibernate.type.BasicTypeReference@5a85f41b
2025-05-01T21:19:48.423+09:00 DEBUG 9124 --- [    Test worker] org.hibernate.type.BasicTypeRegistry     : Adding type registration java.lang.Long -> org.hibernate.type.BasicTypeReference@5a85f41b
2025-05-01T21:19:48.423+09:00 DEBUG 9124 --- [    Test worker] org.hibernate.type.BasicTypeRegistry     : Adding type registration float -> org.hibernate.type.BasicTypeReference@35abfeba
2025-05-01T21:19:48.423+09:00 DEBUG 9124 --- [    Test worker] org.hibernate.type.BasicTypeRegistry     : Adding type registration float -> org.hibernate.type.BasicTypeReference@35abfeba
2025-05-01T21:19:48.424+09:00 DEBUG 9124 --- [    Test worker] org.hibernate.type.BasicTypeRegistry     : Adding type registration java.lang.Float -> org.hibernate.type.BasicTypeReference@35abfeba
2025-05-01T21:19:48.424+09:00 DEBUG 9124 --- [    Test worker] org.hibernate.type.BasicTypeRegistry     : Adding type registration double -> org.hibernate.type.BasicTypeReference@7b031f53
2025-05-01T21:19:48.424+09:00 DEBUG 9124 --- [    Test worker] org.hibernate.type.BasicTypeRegistry     : Adding type registration double -> org.hibernate.type.BasicTypeReference@7b031f53
2025-05-01T21:19:48.424+09:00 DEBUG 9124 --- [    Test worker] org.hibernate.type.BasicTypeRegistry     : Adding type registration java.lang.Double -> org.hibernate.type.BasicTypeReference@7b031f53
2025-05-01T21:19:48.424+09:00 DEBUG 9124 --- [    Test worker] org.hibernate.type.BasicTypeRegistry     : Adding type registration big_integer -> org.hibernate.type.BasicTypeReference@1b42eb0f
2025-05-01T21:19:48.424+09:00 DEBUG 9124 --- [    Test worker] org.hibernate.type.BasicTypeRegistry     : Adding type registration java.math.BigInteger -> org.hibernate.type.BasicTypeReference@1b42eb0f
2025-05-01T21:19:48.425+09:00 DEBUG 9124 --- [    Test worker] org.hibernate.type.BasicTypeRegistry     : Adding type registration big_decimal -> org.hibernate.type.BasicTypeReference@6e92f150
2025-05-01T21:19:48.425+09:00 DEBUG 9124 --- [    Test worker] org.hibernate.type.BasicTypeRegistry     : Adding type registration java.math.BigDecimal -> org.hibernate.type.BasicTypeReference@6e92f150
2025-05-01T21:19:48.425+09:00 DEBUG 9124 --- [    Test worker] org.hibernate.type.BasicTypeRegistry     : Adding type registration character -> org.hibernate.type.BasicTypeReference@4268c16
2025-05-01T21:19:48.425+09:00 DEBUG 9124 --- [    Test worker] org.hibernate.type.BasicTypeRegistry     : Adding type registration char -> org.hibernate.type.BasicTypeReference@4268c16
2025-05-01T21:19:48.425+09:00 DEBUG 9124 --- [    Test worker] org.hibernate.type.BasicTypeRegistry     : Adding type registration java.lang.Character -> org.hibernate.type.BasicTypeReference@4268c16
2025-05-01T21:19:48.425+09:00 DEBUG 9124 --- [    Test worker] org.hibernate.type.BasicTypeRegistry     : Adding type registration character_nchar -> org.hibernate.type.BasicTypeReference@673ce246
2025-05-01T21:19:48.425+09:00 DEBUG 9124 --- [    Test worker] org.hibernate.type.BasicTypeRegistry     : Adding type registration string -> org.hibernate.type.BasicTypeReference@6baa673d
2025-05-01T21:19:48.426+09:00 DEBUG 9124 --- [    Test worker] org.hibernate.type.BasicTypeRegistry     : Adding type registration java.lang.String -> org.hibernate.type.BasicTypeReference@6baa673d
2025-05-01T21:19:48.426+09:00 DEBUG 9124 --- [    Test worker] org.hibernate.type.BasicTypeRegistry     : Adding type registration nstring -> org.hibernate.type.BasicTypeReference@124b1369
2025-05-01T21:19:48.426+09:00 DEBUG 9124 --- [    Test worker] org.hibernate.type.BasicTypeRegistry     : Adding type registration characters -> org.hibernate.type.BasicTypeReference@22bd6b0a
2025-05-01T21:19:48.426+09:00 DEBUG 9124 --- [    Test worker] org.hibernate.type.BasicTypeRegistry     : Adding type registration char[] -> org.hibernate.type.BasicTypeReference@22bd6b0a
2025-05-01T21:19:48.426+09:00 DEBUG 9124 --- [    Test worker] org.hibernate.type.BasicTypeRegistry     : Adding type registration [C -> org.hibernate.type.BasicTypeReference@22bd6b0a
2025-05-01T21:19:48.426+09:00 DEBUG 9124 --- [    Test worker] org.hibernate.type.BasicTypeRegistry     : Adding type registration wrapper-characters -> org.hibernate.type.BasicTypeReference@221383c9
2025-05-01T21:19:48.426+09:00 DEBUG 9124 --- [    Test worker] org.hibernate.type.BasicTypeRegistry     : Adding type registration text -> org.hibernate.type.BasicTypeReference@1a389b39
2025-05-01T21:19:48.426+09:00 DEBUG 9124 --- [    Test worker] org.hibernate.type.BasicTypeRegistry     : Adding type registration ntext -> org.hibernate.type.BasicTypeReference@50a2034c
2025-05-01T21:19:48.427+09:00 DEBUG 9124 --- [    Test worker] org.hibernate.type.BasicTypeRegistry     : Adding type registration clob -> org.hibernate.type.BasicTypeReference@190ec769
2025-05-01T21:19:48.427+09:00 DEBUG 9124 --- [    Test worker] org.hibernate.type.BasicTypeRegistry     : Adding type registration java.sql.Clob -> org.hibernate.type.BasicTypeReference@190ec769
2025-05-01T21:19:48.427+09:00 DEBUG 9124 --- [    Test worker] org.hibernate.type.BasicTypeRegistry     : Adding type registration nclob -> org.hibernate.type.BasicTypeReference@27bd124a
2025-05-01T21:19:48.427+09:00 DEBUG 9124 --- [    Test worker] org.hibernate.type.BasicTypeRegistry     : Adding type registration java.sql.NClob -> org.hibernate.type.BasicTypeReference@27bd124a
2025-05-01T21:19:48.427+09:00 DEBUG 9124 --- [    Test worker] org.hibernate.type.BasicTypeRegistry     : Adding type registration materialized_clob -> org.hibernate.type.BasicTypeReference@7902a4d7
2025-05-01T21:19:48.428+09:00 DEBUG 9124 --- [    Test worker] org.hibernate.type.BasicTypeRegistry     : Adding type registration materialized_clob_char_array -> org.hibernate.type.BasicTypeReference@397a70d8
2025-05-01T21:19:48.428+09:00 DEBUG 9124 --- [    Test worker] org.hibernate.type.BasicTypeRegistry     : Adding type registration materialized_clob_character_array -> org.hibernate.type.BasicTypeReference@56a0dd11
2025-05-01T21:19:48.428+09:00 DEBUG 9124 --- [    Test worker] org.hibernate.type.BasicTypeRegistry     : Adding type registration materialized_nclob -> org.hibernate.type.BasicTypeReference@1940bacd
2025-05-01T21:19:48.428+09:00 DEBUG 9124 --- [    Test worker] org.hibernate.type.BasicTypeRegistry     : Adding type registration materialized_nclob_character_array -> org.hibernate.type.BasicTypeReference@7508912e
2025-05-01T21:19:48.428+09:00 DEBUG 9124 --- [    Test worker] org.hibernate.type.BasicTypeRegistry     : Adding type registration materialized_nclob_char_array -> org.hibernate.type.BasicTypeReference@1f9ec3e7
2025-05-01T21:19:48.428+09:00 DEBUG 9124 --- [    Test worker] org.hibernate.type.BasicTypeRegistry     : Adding type registration Duration -> org.hibernate.type.BasicTypeReference@4f86cd50
2025-05-01T21:19:48.428+09:00 DEBUG 9124 --- [    Test worker] org.hibernate.type.BasicTypeRegistry     : Adding type registration java.time.Duration -> org.hibernate.type.BasicTypeReference@4f86cd50
2025-05-01T21:19:48.428+09:00 DEBUG 9124 --- [    Test worker] org.hibernate.type.BasicTypeRegistry     : Adding type registration LocalDateTime -> org.hibernate.type.BasicTypeReference@538c90bf
2025-05-01T21:19:48.429+09:00 DEBUG 9124 --- [    Test worker] org.hibernate.type.BasicTypeRegistry     : Adding type registration java.time.LocalDateTime -> org.hibernate.type.BasicTypeReference@538c90bf
2025-05-01T21:19:48.429+09:00 DEBUG 9124 --- [    Test worker] org.hibernate.type.BasicTypeRegistry     : Adding type registration LocalDate -> org.hibernate.type.BasicTypeReference@62bcfa01
2025-05-01T21:19:48.429+09:00 DEBUG 9124 --- [    Test worker] org.hibernate.type.BasicTypeRegistry     : Adding type registration java.time.LocalDate -> org.hibernate.type.BasicTypeReference@62bcfa01
2025-05-01T21:19:48.429+09:00 DEBUG 9124 --- [    Test worker] org.hibernate.type.BasicTypeRegistry     : Adding type registration LocalTime -> org.hibernate.type.BasicTypeReference@b549c4a
2025-05-01T21:19:48.429+09:00 DEBUG 9124 --- [    Test worker] org.hibernate.type.BasicTypeRegistry     : Adding type registration java.time.LocalTime -> org.hibernate.type.BasicTypeReference@b549c4a
2025-05-01T21:19:48.429+09:00 DEBUG 9124 --- [    Test worker] org.hibernate.type.BasicTypeRegistry     : Adding type registration OffsetDateTime -> org.hibernate.type.BasicTypeReference@72412c3d
2025-05-01T21:19:48.430+09:00 DEBUG 9124 --- [    Test worker] org.hibernate.type.BasicTypeRegistry     : Adding type registration java.time.OffsetDateTime -> org.hibernate.type.BasicTypeReference@72412c3d
2025-05-01T21:19:48.430+09:00 DEBUG 9124 --- [    Test worker] org.hibernate.type.BasicTypeRegistry     : Adding type registration OffsetDateTimeWithTimezone -> org.hibernate.type.BasicTypeReference@457f43a2
2025-05-01T21:19:48.430+09:00 DEBUG 9124 --- [    Test worker] org.hibernate.type.BasicTypeRegistry     : Adding type registration OffsetDateTimeWithoutTimezone -> org.hibernate.type.BasicTypeReference@4016d5fe
2025-05-01T21:19:48.431+09:00 DEBUG 9124 --- [    Test worker] org.hibernate.type.BasicTypeRegistry     : Adding type registration OffsetTime -> org.hibernate.type.BasicTypeReference@6f8fa77a
2025-05-01T21:19:48.431+09:00 DEBUG 9124 --- [    Test worker] org.hibernate.type.BasicTypeRegistry     : Adding type registration java.time.OffsetTime -> org.hibernate.type.BasicTypeReference@6f8fa77a
2025-05-01T21:19:48.431+09:00 DEBUG 9124 --- [    Test worker] org.hibernate.type.BasicTypeRegistry     : Adding type registration OffsetTimeUtc -> org.hibernate.type.BasicTypeReference@14d44e72
2025-05-01T21:19:48.431+09:00 DEBUG 9124 --- [    Test worker] org.hibernate.type.BasicTypeRegistry     : Adding type registration OffsetTimeWithTimezone -> org.hibernate.type.BasicTypeReference@2b097d19
2025-05-01T21:19:48.431+09:00 DEBUG 9124 --- [    Test worker] org.hibernate.type.BasicTypeRegistry     : Adding type registration OffsetTimeWithoutTimezone -> org.hibernate.type.BasicTypeReference@5d46f4a3
2025-05-01T21:19:48.432+09:00 DEBUG 9124 --- [    Test worker] org.hibernate.type.BasicTypeRegistry     : Adding type registration ZonedDateTime -> org.hibernate.type.BasicTypeReference@4fe03c06
2025-05-01T21:19:48.432+09:00 DEBUG 9124 --- [    Test worker] org.hibernate.type.BasicTypeRegistry     : Adding type registration java.time.ZonedDateTime -> org.hibernate.type.BasicTypeReference@4fe03c06
2025-05-01T21:19:48.432+09:00 DEBUG 9124 --- [    Test worker] org.hibernate.type.BasicTypeRegistry     : Adding type registration ZonedDateTimeWithTimezone -> org.hibernate.type.BasicTypeReference@79f14c56
2025-05-01T21:19:48.432+09:00 DEBUG 9124 --- [    Test worker] org.hibernate.type.BasicTypeRegistry     : Adding type registration ZonedDateTimeWithoutTimezone -> org.hibernate.type.BasicTypeReference@19f007c4
2025-05-01T21:19:48.432+09:00 DEBUG 9124 --- [    Test worker] org.hibernate.type.BasicTypeRegistry     : Adding type registration date -> org.hibernate.type.BasicTypeReference@73790bb5
2025-05-01T21:19:48.432+09:00 DEBUG 9124 --- [    Test worker] org.hibernate.type.BasicTypeRegistry     : Adding type registration java.sql.Date -> org.hibernate.type.BasicTypeReference@73790bb5
2025-05-01T21:19:48.433+09:00 DEBUG 9124 --- [    Test worker] org.hibernate.type.BasicTypeRegistry     : Adding type registration time -> org.hibernate.type.BasicTypeReference@3d3709d0
2025-05-01T21:19:48.433+09:00 DEBUG 9124 --- [    Test worker] org.hibernate.type.BasicTypeRegistry     : Adding type registration java.sql.Time -> org.hibernate.type.BasicTypeReference@3d3709d0
2025-05-01T21:19:48.433+09:00 DEBUG 9124 --- [    Test worker] org.hibernate.type.BasicTypeRegistry     : Adding type registration timestamp -> org.hibernate.type.BasicTypeReference@4ed761dc
2025-05-01T21:19:48.433+09:00 DEBUG 9124 --- [    Test worker] org.hibernate.type.BasicTypeRegistry     : Adding type registration java.sql.Timestamp -> org.hibernate.type.BasicTypeReference@4ed761dc
2025-05-01T21:19:48.433+09:00 DEBUG 9124 --- [    Test worker] org.hibernate.type.BasicTypeRegistry     : Adding type registration java.util.Date -> org.hibernate.type.BasicTypeReference@4ed761dc
2025-05-01T21:19:48.434+09:00 DEBUG 9124 --- [    Test worker] org.hibernate.type.BasicTypeRegistry     : Adding type registration calendar -> org.hibernate.type.BasicTypeReference@578081e5
2025-05-01T21:19:48.434+09:00 DEBUG 9124 --- [    Test worker] org.hibernate.type.BasicTypeRegistry     : Adding type registration java.util.Calendar -> org.hibernate.type.BasicTypeReference@578081e5
2025-05-01T21:19:48.434+09:00 DEBUG 9124 --- [    Test worker] org.hibernate.type.BasicTypeRegistry     : Adding type registration java.util.GregorianCalendar -> org.hibernate.type.BasicTypeReference@578081e5
2025-05-01T21:19:48.434+09:00 DEBUG 9124 --- [    Test worker] org.hibernate.type.BasicTypeRegistry     : Adding type registration calendar_date -> org.hibernate.type.BasicTypeReference@6c1f1c03
2025-05-01T21:19:48.434+09:00 DEBUG 9124 --- [    Test worker] org.hibernate.type.BasicTypeRegistry     : Adding type registration calendar_time -> org.hibernate.type.BasicTypeReference@69e3e1d9
2025-05-01T21:19:48.434+09:00 DEBUG 9124 --- [    Test worker] org.hibernate.type.BasicTypeRegistry     : Adding type registration instant -> org.hibernate.type.BasicTypeReference@1ccfa4b8
2025-05-01T21:19:48.434+09:00 DEBUG 9124 --- [    Test worker] org.hibernate.type.BasicTypeRegistry     : Adding type registration java.time.Instant -> org.hibernate.type.BasicTypeReference@1ccfa4b8
2025-05-01T21:19:48.435+09:00 DEBUG 9124 --- [    Test worker] org.hibernate.type.BasicTypeRegistry     : Adding type registration uuid -> org.hibernate.type.BasicTypeReference@4f93816d
2025-05-01T21:19:48.435+09:00 DEBUG 9124 --- [    Test worker] org.hibernate.type.BasicTypeRegistry     : Adding type registration java.util.UUID -> org.hibernate.type.BasicTypeReference@4f93816d
2025-05-01T21:19:48.435+09:00 DEBUG 9124 --- [    Test worker] org.hibernate.type.BasicTypeRegistry     : Adding type registration pg-uuid -> org.hibernate.type.BasicTypeReference@4f93816d
2025-05-01T21:19:48.435+09:00 DEBUG 9124 --- [    Test worker] org.hibernate.type.BasicTypeRegistry     : Adding type registration uuid-binary -> org.hibernate.type.BasicTypeReference@5bf86398
2025-05-01T21:19:48.435+09:00 DEBUG 9124 --- [    Test worker] org.hibernate.type.BasicTypeRegistry     : Adding type registration uuid-char -> org.hibernate.type.BasicTypeReference@2de3ac17
2025-05-01T21:19:48.435+09:00 DEBUG 9124 --- [    Test worker] org.hibernate.type.BasicTypeRegistry     : Adding type registration class -> org.hibernate.type.BasicTypeReference@4c683777
2025-05-01T21:19:48.435+09:00 DEBUG 9124 --- [    Test worker] org.hibernate.type.BasicTypeRegistry     : Adding type registration java.lang.Class -> org.hibernate.type.BasicTypeReference@4c683777
2025-05-01T21:19:48.435+09:00 DEBUG 9124 --- [    Test worker] org.hibernate.type.BasicTypeRegistry     : Adding type registration currency -> org.hibernate.type.BasicTypeReference@1fa35f7e
2025-05-01T21:19:48.436+09:00 DEBUG 9124 --- [    Test worker] org.hibernate.type.BasicTypeRegistry     : Adding type registration Currency -> org.hibernate.type.BasicTypeReference@1fa35f7e
2025-05-01T21:19:48.436+09:00 DEBUG 9124 --- [    Test worker] org.hibernate.type.BasicTypeRegistry     : Adding type registration java.util.Currency -> org.hibernate.type.BasicTypeReference@1fa35f7e
2025-05-01T21:19:48.436+09:00 DEBUG 9124 --- [    Test worker] org.hibernate.type.BasicTypeRegistry     : Adding type registration locale -> org.hibernate.type.BasicTypeReference@7df0bb1
2025-05-01T21:19:48.436+09:00 DEBUG 9124 --- [    Test worker] org.hibernate.type.BasicTypeRegistry     : Adding type registration java.util.Locale -> org.hibernate.type.BasicTypeReference@7df0bb1
2025-05-01T21:19:48.436+09:00 DEBUG 9124 --- [    Test worker] org.hibernate.type.BasicTypeRegistry     : Adding type registration serializable -> org.hibernate.type.BasicTypeReference@37ec9c49
2025-05-01T21:19:48.436+09:00 DEBUG 9124 --- [    Test worker] org.hibernate.type.BasicTypeRegistry     : Adding type registration java.io.Serializable -> org.hibernate.type.BasicTypeReference@37ec9c49
2025-05-01T21:19:48.436+09:00 DEBUG 9124 --- [    Test worker] org.hibernate.type.BasicTypeRegistry     : Adding type registration timezone -> org.hibernate.type.BasicTypeReference@3ab2d64c
2025-05-01T21:19:48.436+09:00 DEBUG 9124 --- [    Test worker] org.hibernate.type.BasicTypeRegistry     : Adding type registration java.util.TimeZone -> org.hibernate.type.BasicTypeReference@3ab2d64c
2025-05-01T21:19:48.436+09:00 DEBUG 9124 --- [    Test worker] org.hibernate.type.BasicTypeRegistry     : Adding type registration ZoneOffset -> org.hibernate.type.BasicTypeReference@3f6f26cb
2025-05-01T21:19:48.437+09:00 DEBUG 9124 --- [    Test worker] org.hibernate.type.BasicTypeRegistry     : Adding type registration java.time.ZoneOffset -> org.hibernate.type.BasicTypeReference@3f6f26cb
2025-05-01T21:19:48.437+09:00 DEBUG 9124 --- [    Test worker] org.hibernate.type.BasicTypeRegistry     : Adding type registration url -> org.hibernate.type.BasicTypeReference@40123014
2025-05-01T21:19:48.437+09:00 DEBUG 9124 --- [    Test worker] org.hibernate.type.BasicTypeRegistry     : Adding type registration java.net.URL -> org.hibernate.type.BasicTypeReference@40123014
2025-05-01T21:19:48.437+09:00 DEBUG 9124 --- [    Test worker] org.hibernate.type.BasicTypeRegistry     : Adding type registration vector -> org.hibernate.type.BasicTypeReference@13cfe28b
2025-05-01T21:19:48.437+09:00 DEBUG 9124 --- [    Test worker] org.hibernate.type.BasicTypeRegistry     : Adding type registration float_vector -> org.hibernate.type.BasicTypeReference@3f634608
2025-05-01T21:19:48.437+09:00 DEBUG 9124 --- [    Test worker] org.hibernate.type.BasicTypeRegistry     : Adding type registration double_vector -> org.hibernate.type.BasicTypeReference@79fc6651
2025-05-01T21:19:48.437+09:00 DEBUG 9124 --- [    Test worker] org.hibernate.type.BasicTypeRegistry     : Adding type registration byte_vector -> org.hibernate.type.BasicTypeReference@28bf7bea
2025-05-01T21:19:48.438+09:00 DEBUG 9124 --- [    Test worker] org.hibernate.type.BasicTypeRegistry     : Adding type registration row_version -> org.hibernate.type.BasicTypeReference@44881fcc
2025-05-01T21:19:48.452+09:00 DEBUG 9124 --- [    Test worker] org.hibernate.type.BasicTypeRegistry     : Adding type registration object -> org.hibernate.type.JavaObjectType@54e63f7c
2025-05-01T21:19:48.452+09:00 DEBUG 9124 --- [    Test worker] org.hibernate.type.BasicTypeRegistry     : Adding type registration java.lang.Object -> org.hibernate.type.JavaObjectType@54e63f7c
2025-05-01T21:19:48.455+09:00 DEBUG 9124 --- [    Test worker] org.hibernate.type.BasicTypeRegistry     : Adding type registration null -> org.hibernate.type.NullType@6bb2b8d4
2025-05-01T21:19:48.455+09:00 DEBUG 9124 --- [    Test worker] org.hibernate.type.BasicTypeRegistry     : Adding type registration imm_date -> org.hibernate.type.BasicTypeReference@64230d44
2025-05-01T21:19:48.456+09:00 DEBUG 9124 --- [    Test worker] org.hibernate.type.BasicTypeRegistry     : Adding type registration imm_time -> org.hibernate.type.BasicTypeReference@1ff584d7
2025-05-01T21:19:48.456+09:00 DEBUG 9124 --- [    Test worker] org.hibernate.type.BasicTypeRegistry     : Adding type registration imm_timestamp -> org.hibernate.type.BasicTypeReference@7752f9fe
2025-05-01T21:19:48.456+09:00 DEBUG 9124 --- [    Test worker] org.hibernate.type.BasicTypeRegistry     : Adding type registration imm_calendar -> org.hibernate.type.BasicTypeReference@9588bd8
2025-05-01T21:19:48.456+09:00 DEBUG 9124 --- [    Test worker] org.hibernate.type.BasicTypeRegistry     : Adding type registration imm_calendar_date -> org.hibernate.type.BasicTypeReference@75edfe9a
2025-05-01T21:19:48.456+09:00 DEBUG 9124 --- [    Test worker] org.hibernate.type.BasicTypeRegistry     : Adding type registration imm_calendar_time -> org.hibernate.type.BasicTypeReference@468d1fcc
2025-05-01T21:19:48.457+09:00 DEBUG 9124 --- [    Test worker] org.hibernate.type.BasicTypeRegistry     : Adding type registration imm_binary -> org.hibernate.type.BasicTypeReference@267093ea
2025-05-01T21:19:48.457+09:00 DEBUG 9124 --- [    Test worker] org.hibernate.type.BasicTypeRegistry     : Adding type registration imm_serializable -> org.hibernate.type.BasicTypeReference@6b3bcab7
2025-05-01T21:19:48.477+09:00 DEBUG 9124 --- [    Test worker] o.h.boot.internal.BootstrapContextImpl   : Injecting JPA temp ClassLoader [org.springframework.instrument.classloading.SimpleThrowawayClassLoader@126a8548] into BootstrapContext; was [null]
2025-05-01T21:19:48.477+09:00 DEBUG 9124 --- [    Test worker] o.h.boot.internal.ClassLoaderAccessImpl  : ClassLoaderAccessImpl#injectTempClassLoader(org.springframework.instrument.classloading.SimpleThrowawayClassLoader@126a8548) [was null]
2025-05-01T21:19:48.478+09:00 DEBUG 9124 --- [    Test worker] o.h.boot.internal.BootstrapContextImpl   : Injecting ScanEnvironment [org.hibernate.jpa.boot.internal.StandardJpaScanEnvironmentImpl@6fe43257] into BootstrapContext; was [null]
2025-05-01T21:19:48.479+09:00 DEBUG 9124 --- [    Test worker] o.h.boot.internal.BootstrapContextImpl   : Injecting ScanOptions [org.hibernate.boot.archive.scan.internal.StandardScanOptions@dab0a6c] into BootstrapContext; was [org.hibernate.boot.archive.scan.internal.StandardScanOptions@1a35343e]
2025-05-01T21:19:48.545+09:00 DEBUG 9124 --- [    Test worker] o.h.j.b.i.PersistenceUnitInfoDescriptor  : Pushing class transformers for PU named 'default' on loading classloader jdk.internal.loader.ClassLoaders$AppClassLoader@63947c6b
2025-05-01T21:19:49.192+09:00  INFO 9124 --- [    Test worker] o.s.o.j.p.SpringPersistenceUnitInfo      : No LoadTimeWeaver setup: ignoring JPA class transformer
2025-05-01T21:19:49.193+09:00 DEBUG 9124 --- [    Test worker] o.h.boot.internal.BootstrapContextImpl   : Injecting JPA temp ClassLoader [null] into BootstrapContext; was [org.springframework.instrument.classloading.SimpleThrowawayClassLoader@126a8548]
2025-05-01T21:19:49.193+09:00 DEBUG 9124 --- [    Test worker] o.h.boot.internal.ClassLoaderAccessImpl  : ClassLoaderAccessImpl#injectTempClassLoader(null) [was org.springframework.instrument.classloading.SimpleThrowawayClassLoader@126a8548]
2025-05-01T21:19:49.267+09:00 DEBUG 9124 --- [    Test worker] com.zaxxer.hikari.HikariConfig           : HikariPool-1 - configuration:
2025-05-01T21:19:49.272+09:00 DEBUG 9124 --- [    Test worker] com.zaxxer.hikari.HikariConfig           : allowPoolSuspension.............false
2025-05-01T21:19:49.272+09:00 DEBUG 9124 --- [    Test worker] com.zaxxer.hikari.HikariConfig           : autoCommit......................true
2025-05-01T21:19:49.272+09:00 DEBUG 9124 --- [    Test worker] com.zaxxer.hikari.HikariConfig           : catalog.........................none
2025-05-01T21:19:49.272+09:00 DEBUG 9124 --- [    Test worker] com.zaxxer.hikari.HikariConfig           : connectionInitSql...............none
2025-05-01T21:19:49.273+09:00 DEBUG 9124 --- [    Test worker] com.zaxxer.hikari.HikariConfig           : connectionTestQuery.............none
2025-05-01T21:19:49.273+09:00 DEBUG 9124 --- [    Test worker] com.zaxxer.hikari.HikariConfig           : connectionTimeout...............30000
2025-05-01T21:19:49.274+09:00 DEBUG 9124 --- [    Test worker] com.zaxxer.hikari.HikariConfig           : dataSource......................none
2025-05-01T21:19:49.274+09:00 DEBUG 9124 --- [    Test worker] com.zaxxer.hikari.HikariConfig           : dataSourceClassName.............none
2025-05-01T21:19:49.275+09:00 DEBUG 9124 --- [    Test worker] com.zaxxer.hikari.HikariConfig           : dataSourceJNDI..................none
2025-05-01T21:19:49.275+09:00 DEBUG 9124 --- [    Test worker] com.zaxxer.hikari.HikariConfig           : dataSourceProperties............{password=<masked>}
2025-05-01T21:19:49.276+09:00 DEBUG 9124 --- [    Test worker] com.zaxxer.hikari.HikariConfig           : driverClassName................."org.postgresql.Driver"
2025-05-01T21:19:49.276+09:00 DEBUG 9124 --- [    Test worker] com.zaxxer.hikari.HikariConfig           : exceptionOverrideClassName......none
2025-05-01T21:19:49.276+09:00 DEBUG 9124 --- [    Test worker] com.zaxxer.hikari.HikariConfig           : healthCheckProperties...........{}
2025-05-01T21:19:49.276+09:00 DEBUG 9124 --- [    Test worker] com.zaxxer.hikari.HikariConfig           : healthCheckRegistry.............none
2025-05-01T21:19:49.277+09:00 DEBUG 9124 --- [    Test worker] com.zaxxer.hikari.HikariConfig           : idleTimeout.....................600000
2025-05-01T21:19:49.277+09:00 DEBUG 9124 --- [    Test worker] com.zaxxer.hikari.HikariConfig           : initializationFailTimeout.......1
2025-05-01T21:19:49.277+09:00 DEBUG 9124 --- [    Test worker] com.zaxxer.hikari.HikariConfig           : isolateInternalQueries..........false
2025-05-01T21:19:49.278+09:00 DEBUG 9124 --- [    Test worker] com.zaxxer.hikari.HikariConfig           : jdbcUrl.........................jdbc:postgresql://localhost:5433/devopsdb
2025-05-01T21:19:49.278+09:00 DEBUG 9124 --- [    Test worker] com.zaxxer.hikari.HikariConfig           : keepaliveTime...................0
2025-05-01T21:19:49.278+09:00 DEBUG 9124 --- [    Test worker] com.zaxxer.hikari.HikariConfig           : leakDetectionThreshold..........0
2025-05-01T21:19:49.278+09:00 DEBUG 9124 --- [    Test worker] com.zaxxer.hikari.HikariConfig           : maxLifetime.....................1800000
2025-05-01T21:19:49.279+09:00 DEBUG 9124 --- [    Test worker] com.zaxxer.hikari.HikariConfig           : maximumPoolSize.................10
2025-05-01T21:19:49.279+09:00 DEBUG 9124 --- [    Test worker] com.zaxxer.hikari.HikariConfig           : metricRegistry..................none
2025-05-01T21:19:49.279+09:00 DEBUG 9124 --- [    Test worker] com.zaxxer.hikari.HikariConfig           : metricsTrackerFactory...........none
2025-05-01T21:19:49.280+09:00 DEBUG 9124 --- [    Test worker] com.zaxxer.hikari.HikariConfig           : minimumIdle.....................10
2025-05-01T21:19:49.280+09:00 DEBUG 9124 --- [    Test worker] com.zaxxer.hikari.HikariConfig           : password........................<masked>
2025-05-01T21:19:49.280+09:00 DEBUG 9124 --- [    Test worker] com.zaxxer.hikari.HikariConfig           : poolName........................"HikariPool-1"
2025-05-01T21:19:49.280+09:00 DEBUG 9124 --- [    Test worker] com.zaxxer.hikari.HikariConfig           : readOnly........................false
2025-05-01T21:19:49.281+09:00 DEBUG 9124 --- [    Test worker] com.zaxxer.hikari.HikariConfig           : registerMbeans..................false
2025-05-01T21:19:49.281+09:00 DEBUG 9124 --- [    Test worker] com.zaxxer.hikari.HikariConfig           : scheduledExecutor...............none
2025-05-01T21:19:49.281+09:00 DEBUG 9124 --- [    Test worker] com.zaxxer.hikari.HikariConfig           : schema..........................none
2025-05-01T21:19:49.281+09:00 DEBUG 9124 --- [    Test worker] com.zaxxer.hikari.HikariConfig           : threadFactory...................internal
2025-05-01T21:19:49.281+09:00 DEBUG 9124 --- [    Test worker] com.zaxxer.hikari.HikariConfig           : transactionIsolation............default
2025-05-01T21:19:49.281+09:00 DEBUG 9124 --- [    Test worker] com.zaxxer.hikari.HikariConfig           : username........................"postgres"
2025-05-01T21:19:49.282+09:00 DEBUG 9124 --- [    Test worker] com.zaxxer.hikari.HikariConfig           : validationTimeout...............5000
2025-05-01T21:19:49.282+09:00  INFO 9124 --- [    Test worker] com.zaxxer.hikari.HikariDataSource       : HikariPool-1 - Starting...
2025-05-01T21:19:49.318+09:00 DEBUG 9124 --- [    Test worker] org.postgresql.Driver                    : Loading driver configuration via classloader jdk.internal.loader.ClassLoaders$AppClassLoader@63947c6b
2025-05-01T21:19:49.319+09:00 DEBUG 9124 --- [    Test worker] org.postgresql.Driver                    : Connecting with URL: jdbc:postgresql://localhost:5433/devopsdb
2025-05-01T21:19:49.339+09:00 DEBUG 9124 --- [    Test worker] org.postgresql.jdbc.PgConnection         : PostgreSQL JDBC Driver 42.7.3
2025-05-01T21:19:49.341+09:00 DEBUG 9124 --- [    Test worker] org.postgresql.jdbc.PgConnection         :   setDefaultFetchSize = 0
2025-05-01T21:19:49.342+09:00 DEBUG 9124 --- [    Test worker] org.postgresql.jdbc.PgConnection         :   setPrepareThreshold = 5
2025-05-01T21:19:49.361+09:00 DEBUG 9124 --- [    Test worker] o.p.core.v3.ConnectionFactoryImpl        : Trying to establish a protocol version 3 connection to localhost:5433
2025-05-01T21:19:49.384+09:00 DEBUG 9124 --- [    Test worker] o.p.core.v3.ConnectionFactoryImpl        : Receive Buffer Size is 65,536
2025-05-01T21:19:49.385+09:00 DEBUG 9124 --- [    Test worker] o.p.core.v3.ConnectionFactoryImpl        : Send Buffer Size is 65,536
2025-05-01T21:19:49.659+09:00  INFO 9124 --- [    Test worker] com.zaxxer.hikari.pool.HikariPool        : HikariPool-1 - Added connection org.postgresql.jdbc.PgConnection@79d72d99
2025-05-01T21:19:49.662+09:00  INFO 9124 --- [    Test worker] com.zaxxer.hikari.HikariDataSource       : HikariPool-1 - Start completed.
2025-05-01T21:19:49.682+09:00 DEBUG 9124 --- [    Test worker] o.h.e.j.e.i.JdbcEnvironmentInitiator     : Database ->
	   name : PostgreSQL
	version : 17.4 (Debian 17.4-1.pgdg120+2)
	  major : 17
	  minor : 4
2025-05-01T21:19:49.682+09:00 DEBUG 9124 --- [    Test worker] o.h.e.j.e.i.JdbcEnvironmentInitiator     : Driver ->
	   name : PostgreSQL JDBC Driver
	version : 42.7.3
	  major : 42
	  minor : 7
2025-05-01T21:19:49.684+09:00 DEBUG 9124 --- [    Test worker] o.h.e.j.e.i.JdbcEnvironmentInitiator     : JDBC version : 4.2
2025-05-01T21:19:49.728+09:00  WARN 9124 --- [    Test worker] org.hibernate.orm.deprecation            : HHH90000025: PostgreSQLDialect does not need to be specified explicitly using 'hibernate.dialect' (remove the property setting and it will be selected by default)
2025-05-01T21:19:49.730+09:00 DEBUG 9124 --- [    Test worker] org.hibernate.orm.dialect                : HHH035001: Using dialect: org.hibernate.dialect.PostgreSQLDialect, version: 17.4
2025-05-01T21:19:49.737+09:00 DEBUG 9124 --- [    Test worker] o.h.e.j.env.spi.IdentifierHelperBuilder  : JDBC driver metadata reported database stores quoted identifiers in neither upper, lower nor mixed case
2025-05-01T21:19:49.759+09:00 DEBUG 9124 --- [    Test worker] org.hibernate.orm.jdbc.lob               : HHH10010001: Disabling contextual LOB creation as hibernate.jdbc.lob.non_contextual_creation is true
2025-05-01T21:19:49.771+09:00 DEBUG 9124 --- [l-1 housekeeper] com.zaxxer.hikari.pool.HikariPool        : HikariPool-1 - Pool stats (total=1, active=0, idle=1, waiting=0)
2025-05-01T21:19:49.772+09:00 DEBUG 9124 --- [onnection adder] org.postgresql.Driver                    : Connecting with URL: jdbc:postgresql://localhost:5433/devopsdb
2025-05-01T21:19:49.772+09:00 DEBUG 9124 --- [onnection adder] org.postgresql.jdbc.PgConnection         : PostgreSQL JDBC Driver 42.7.3
2025-05-01T21:19:49.772+09:00 DEBUG 9124 --- [onnection adder] org.postgresql.jdbc.PgConnection         :   setDefaultFetchSize = 0
2025-05-01T21:19:49.773+09:00 DEBUG 9124 --- [onnection adder] org.postgresql.jdbc.PgConnection         :   setPrepareThreshold = 5
2025-05-01T21:19:49.773+09:00 DEBUG 9124 --- [onnection adder] o.p.core.v3.ConnectionFactoryImpl        : Trying to establish a protocol version 3 connection to localhost:5433
2025-05-01T21:19:49.773+09:00 DEBUG 9124 --- [onnection adder] o.p.core.v3.ConnectionFactoryImpl        : Receive Buffer Size is 65,536
2025-05-01T21:19:49.774+09:00 DEBUG 9124 --- [onnection adder] o.p.core.v3.ConnectionFactoryImpl        : Send Buffer Size is 65,536
2025-05-01T21:19:49.777+09:00  INFO 9124 --- [    Test worker] org.hibernate.orm.connections.pooling    : HHH10001005: Database info:
	Database JDBC URL [Connecting through datasource 'HikariDataSource (HikariPool-1)']
	Database driver: undefined/unknown
	Database version: 17.4
	Autocommit mode: undefined/unknown
	Isolation level: undefined/unknown
	Minimum pool size: undefined/unknown
	Maximum pool size: undefined/unknown
2025-05-01T21:19:49.793+09:00 DEBUG 9124 --- [    Test worker] o.h.t.d.sql.spi.DdlTypeRegistry          : addDescriptor(2003, org.hibernate.type.descriptor.sql.internal.ArrayDdlTypeImpl@1d900d84) replaced previous registration(org.hibernate.type.descriptor.sql.internal.ArrayDdlTypeImpl@3e13f2c8)
2025-05-01T21:19:49.794+09:00 DEBUG 9124 --- [    Test worker] o.h.t.d.sql.spi.DdlTypeRegistry          : addDescriptor(6, org.hibernate.type.descriptor.sql.internal.CapacityDependentDdlType@64a16a10) replaced previous registration(org.hibernate.type.descriptor.sql.internal.DdlTypeImpl@3b641567)
2025-05-01T21:19:49.794+09:00 DEBUG 9124 --- [onnection adder] com.zaxxer.hikari.pool.HikariPool        : HikariPool-1 - Added connection org.postgresql.jdbc.PgConnection@458ddf88
2025-05-01T21:19:49.799+09:00 DEBUG 9124 --- [    Test worker] o.h.t.d.jdbc.spi.JdbcTypeRegistry        : addDescriptor(2004, BlobTypeDescriptor(BLOB_BINDING)) replaced previous registration(BlobTypeDescriptor(DEFAULT))
2025-05-01T21:19:49.799+09:00 DEBUG 9124 --- [    Test worker] o.h.t.d.jdbc.spi.JdbcTypeRegistry        : addDescriptor(2005, ClobTypeDescriptor(CLOB_BINDING)) replaced previous registration(ClobTypeDescriptor(DEFAULT))
2025-05-01T21:19:49.821+09:00 DEBUG 9124 --- [    Test worker] org.hibernate.type.BasicTypeRegistry     : Adding type registration JAVA_OBJECT -> org.hibernate.type.JavaObjectType@5122e03e
2025-05-01T21:19:49.821+09:00 DEBUG 9124 --- [    Test worker] org.hibernate.type.BasicTypeRegistry     : Adding type registration java.lang.Object -> org.hibernate.type.JavaObjectType@5122e03e
2025-05-01T21:19:49.821+09:00 DEBUG 9124 --- [    Test worker] org.hibernate.type.BasicTypeRegistry     : Type registration key [java.lang.Object] overrode previous entry : `org.hibernate.type.JavaObjectType@54e63f7c`
2025-05-01T21:19:49.832+09:00 DEBUG 9124 --- [onnection adder] com.zaxxer.hikari.pool.HikariPool        : HikariPool-1 - After adding stats (total=2, active=0, idle=2, waiting=0)
2025-05-01T21:19:49.832+09:00 DEBUG 9124 --- [onnection adder] org.postgresql.Driver                    : Connecting with URL: jdbc:postgresql://localhost:5433/devopsdb
2025-05-01T21:19:49.832+09:00 DEBUG 9124 --- [onnection adder] org.postgresql.jdbc.PgConnection         : PostgreSQL JDBC Driver 42.7.3
2025-05-01T21:19:49.833+09:00 DEBUG 9124 --- [onnection adder] org.postgresql.jdbc.PgConnection         :   setDefaultFetchSize = 0
2025-05-01T21:19:49.833+09:00 DEBUG 9124 --- [onnection adder] org.postgresql.jdbc.PgConnection         :   setPrepareThreshold = 5
2025-05-01T21:19:49.833+09:00 DEBUG 9124 --- [onnection adder] o.p.core.v3.ConnectionFactoryImpl        : Trying to establish a protocol version 3 connection to localhost:5433
2025-05-01T21:19:49.834+09:00 DEBUG 9124 --- [onnection adder] o.p.core.v3.ConnectionFactoryImpl        : Receive Buffer Size is 65,536
2025-05-01T21:19:49.835+09:00 DEBUG 9124 --- [onnection adder] o.p.core.v3.ConnectionFactoryImpl        : Send Buffer Size is 65,536
2025-05-01T21:19:49.835+09:00 DEBUG 9124 --- [    Test worker] org.hibernate.type.BasicTypeRegistry     : Adding type registration org.hibernate.type.DurationType -> basicType@1(java.time.Duration,3015)
2025-05-01T21:19:49.836+09:00 DEBUG 9124 --- [    Test worker] org.hibernate.type.BasicTypeRegistry     : Adding type registration Duration -> basicType@1(java.time.Duration,3015)
2025-05-01T21:19:49.836+09:00 DEBUG 9124 --- [    Test worker] org.hibernate.type.BasicTypeRegistry     : Adding type registration java.time.Duration -> basicType@1(java.time.Duration,3015)
2025-05-01T21:19:49.850+09:00 DEBUG 9124 --- [onnection adder] com.zaxxer.hikari.pool.HikariPool        : HikariPool-1 - Added connection org.postgresql.jdbc.PgConnection@8f595d
2025-05-01T21:19:49.850+09:00 DEBUG 9124 --- [    Test worker] org.hibernate.type.BasicTypeRegistry     : Adding type registration org.hibernate.type.OffsetDateTimeType -> basicType@2(java.time.OffsetDateTime,3003)
2025-05-01T21:19:49.851+09:00 DEBUG 9124 --- [    Test worker] org.hibernate.type.BasicTypeRegistry     : Adding type registration OffsetDateTime -> basicType@2(java.time.OffsetDateTime,3003)
2025-05-01T21:19:49.851+09:00 DEBUG 9124 --- [    Test worker] org.hibernate.type.BasicTypeRegistry     : Adding type registration java.time.OffsetDateTime -> basicType@2(java.time.OffsetDateTime,3003)
2025-05-01T21:19:49.851+09:00 DEBUG 9124 --- [    Test worker] org.hibernate.type.BasicTypeRegistry     : Adding type registration org.hibernate.type.ZonedDateTimeType -> basicType@3(java.time.ZonedDateTime,3003)
2025-05-01T21:19:49.851+09:00 DEBUG 9124 --- [    Test worker] org.hibernate.type.BasicTypeRegistry     : Adding type registration ZonedDateTime -> basicType@3(java.time.ZonedDateTime,3003)
2025-05-01T21:19:49.852+09:00 DEBUG 9124 --- [    Test worker] org.hibernate.type.BasicTypeRegistry     : Adding type registration java.time.ZonedDateTime -> basicType@3(java.time.ZonedDateTime,3003)
2025-05-01T21:19:49.854+09:00 DEBUG 9124 --- [    Test worker] org.hibernate.type.BasicTypeRegistry     : Adding type registration org.hibernate.type.OffsetTimeType -> basicType@4(java.time.OffsetTime,3007)
2025-05-01T21:19:49.855+09:00 DEBUG 9124 --- [    Test worker] org.hibernate.type.BasicTypeRegistry     : Adding type registration OffsetTime -> basicType@4(java.time.OffsetTime,3007)
2025-05-01T21:19:49.855+09:00 DEBUG 9124 --- [    Test worker] org.hibernate.type.BasicTypeRegistry     : Adding type registration java.time.OffsetTime -> basicType@4(java.time.OffsetTime,3007)
2025-05-01T21:19:49.858+09:00 DEBUG 9124 --- [    Test worker] o.h.type.spi.TypeConfiguration$Scope     : Scoping TypeConfiguration [org.hibernate.type.spi.TypeConfiguration@5fddd0fc] to MetadataBuildingContext [org.hibernate.boot.internal.MetadataBuildingContextRootImpl@682d0957]
2025-05-01T21:19:49.893+09:00 DEBUG 9124 --- [onnection adder] com.zaxxer.hikari.pool.HikariPool        : HikariPool-1 - After adding stats (total=3, active=0, idle=3, waiting=0)
2025-05-01T21:19:49.894+09:00 DEBUG 9124 --- [onnection adder] org.postgresql.Driver                    : Connecting with URL: jdbc:postgresql://localhost:5433/devopsdb
2025-05-01T21:19:49.894+09:00 DEBUG 9124 --- [onnection adder] org.postgresql.jdbc.PgConnection         : PostgreSQL JDBC Driver 42.7.3
2025-05-01T21:19:49.895+09:00 DEBUG 9124 --- [onnection adder] org.postgresql.jdbc.PgConnection         :   setDefaultFetchSize = 0
2025-05-01T21:19:49.895+09:00 DEBUG 9124 --- [onnection adder] org.postgresql.jdbc.PgConnection         :   setPrepareThreshold = 5
2025-05-01T21:19:49.895+09:00 DEBUG 9124 --- [onnection adder] o.p.core.v3.ConnectionFactoryImpl        : Trying to establish a protocol version 3 connection to localhost:5433
2025-05-01T21:19:49.896+09:00 DEBUG 9124 --- [onnection adder] o.p.core.v3.ConnectionFactoryImpl        : Receive Buffer Size is 65,536
2025-05-01T21:19:49.897+09:00 DEBUG 9124 --- [onnection adder] o.p.core.v3.ConnectionFactoryImpl        : Send Buffer Size is 65,536
2025-05-01T21:19:49.910+09:00 DEBUG 9124 --- [onnection adder] com.zaxxer.hikari.pool.HikariPool        : HikariPool-1 - Added connection org.postgresql.jdbc.PgConnection@1a9f41ad
2025-05-01T21:19:49.955+09:00 DEBUG 9124 --- [onnection adder] com.zaxxer.hikari.pool.HikariPool        : HikariPool-1 - After adding stats (total=4, active=0, idle=4, waiting=0)
2025-05-01T21:19:49.955+09:00 DEBUG 9124 --- [    Test worker] o.h.boot.model.relational.Namespace      : Created database namespace [logicalName=Name{catalog=null, schema=null}, physicalName=Name{catalog=null, schema=null}]
2025-05-01T21:19:49.955+09:00 DEBUG 9124 --- [onnection adder] org.postgresql.Driver                    : Connecting with URL: jdbc:postgresql://localhost:5433/devopsdb
2025-05-01T21:19:49.955+09:00 DEBUG 9124 --- [onnection adder] org.postgresql.jdbc.PgConnection         : PostgreSQL JDBC Driver 42.7.3
2025-05-01T21:19:49.956+09:00 DEBUG 9124 --- [onnection adder] org.postgresql.jdbc.PgConnection         :   setDefaultFetchSize = 0
2025-05-01T21:19:49.956+09:00 DEBUG 9124 --- [onnection adder] org.postgresql.jdbc.PgConnection         :   setPrepareThreshold = 5
2025-05-01T21:19:49.956+09:00 DEBUG 9124 --- [onnection adder] o.p.core.v3.ConnectionFactoryImpl        : Trying to establish a protocol version 3 connection to localhost:5433
2025-05-01T21:19:49.957+09:00 DEBUG 9124 --- [onnection adder] o.p.core.v3.ConnectionFactoryImpl        : Receive Buffer Size is 65,536
2025-05-01T21:19:49.957+09:00 DEBUG 9124 --- [onnection adder] o.p.core.v3.ConnectionFactoryImpl        : Send Buffer Size is 65,536
2025-05-01T21:19:49.974+09:00 DEBUG 9124 --- [onnection adder] com.zaxxer.hikari.pool.HikariPool        : HikariPool-1 - Added connection org.postgresql.jdbc.PgConnection@60a0a612
2025-05-01T21:19:50.018+09:00 DEBUG 9124 --- [onnection adder] com.zaxxer.hikari.pool.HikariPool        : HikariPool-1 - After adding stats (total=5, active=0, idle=5, waiting=0)
2025-05-01T21:19:50.018+09:00 DEBUG 9124 --- [onnection adder] org.postgresql.Driver                    : Connecting with URL: jdbc:postgresql://localhost:5433/devopsdb
2025-05-01T21:19:50.019+09:00 DEBUG 9124 --- [onnection adder] org.postgresql.jdbc.PgConnection         : PostgreSQL JDBC Driver 42.7.3
2025-05-01T21:19:50.019+09:00 DEBUG 9124 --- [onnection adder] org.postgresql.jdbc.PgConnection         :   setDefaultFetchSize = 0
2025-05-01T21:19:50.019+09:00 DEBUG 9124 --- [onnection adder] org.postgresql.jdbc.PgConnection         :   setPrepareThreshold = 5
2025-05-01T21:19:50.019+09:00 DEBUG 9124 --- [onnection adder] o.p.core.v3.ConnectionFactoryImpl        : Trying to establish a protocol version 3 connection to localhost:5433
2025-05-01T21:19:50.020+09:00 DEBUG 9124 --- [onnection adder] o.p.core.v3.ConnectionFactoryImpl        : Receive Buffer Size is 65,536
2025-05-01T21:19:50.020+09:00 DEBUG 9124 --- [onnection adder] o.p.core.v3.ConnectionFactoryImpl        : Send Buffer Size is 65,536
2025-05-01T21:19:50.032+09:00 DEBUG 9124 --- [    Test worker] o.h.boot.model.internal.EntityBinder     : Binding entity from annotated class: swteam6.backend.entity.Place
2025-05-01T21:19:50.039+09:00 DEBUG 9124 --- [onnection adder] com.zaxxer.hikari.pool.HikariPool        : HikariPool-1 - Added connection org.postgresql.jdbc.PgConnection@7dfc8439
2025-05-01T21:19:50.051+09:00 DEBUG 9124 --- [    Test worker] o.h.boot.model.internal.EntityBinder     : Import with entity name Place
2025-05-01T21:19:50.069+09:00 DEBUG 9124 --- [    Test worker] o.h.boot.model.internal.EntityBinder     : Bind entity swteam6.backend.entity.Place on table place
2025-05-01T21:19:50.080+09:00 DEBUG 9124 --- [onnection adder] com.zaxxer.hikari.pool.HikariPool        : HikariPool-1 - After adding stats (total=6, active=0, idle=6, waiting=0)
2025-05-01T21:19:50.080+09:00 DEBUG 9124 --- [onnection adder] org.postgresql.Driver                    : Connecting with URL: jdbc:postgresql://localhost:5433/devopsdb
2025-05-01T21:19:50.081+09:00 DEBUG 9124 --- [onnection adder] org.postgresql.jdbc.PgConnection         : PostgreSQL JDBC Driver 42.7.3
2025-05-01T21:19:50.081+09:00 DEBUG 9124 --- [onnection adder] org.postgresql.jdbc.PgConnection         :   setDefaultFetchSize = 0
2025-05-01T21:19:50.081+09:00 DEBUG 9124 --- [onnection adder] org.postgresql.jdbc.PgConnection         :   setPrepareThreshold = 5
2025-05-01T21:19:50.081+09:00 DEBUG 9124 --- [onnection adder] o.p.core.v3.ConnectionFactoryImpl        : Trying to establish a protocol version 3 connection to localhost:5433
2025-05-01T21:19:50.082+09:00 DEBUG 9124 --- [onnection adder] o.p.core.v3.ConnectionFactoryImpl        : Receive Buffer Size is 65,536
2025-05-01T21:19:50.083+09:00 DEBUG 9124 --- [onnection adder] o.p.core.v3.ConnectionFactoryImpl        : Send Buffer Size is 65,536
2025-05-01T21:19:50.095+09:00 DEBUG 9124 --- [onnection adder] com.zaxxer.hikari.pool.HikariPool        : HikariPool-1 - Added connection org.postgresql.jdbc.PgConnection@61692bad
2025-05-01T21:19:50.099+09:00 DEBUG 9124 --- [    Test worker] o.h.boot.model.internal.AnnotatedColumn  : Binding column: AnnotatedDiscriminatorColumn(column='DTYPE')
2025-05-01T21:19:50.125+09:00 DEBUG 9124 --- [onnection adder] com.zaxxer.hikari.pool.HikariPool        : HikariPool-1 - After adding stats (total=7, active=0, idle=7, waiting=0)
2025-05-01T21:19:50.126+09:00 DEBUG 9124 --- [onnection adder] org.postgresql.Driver                    : Connecting with URL: jdbc:postgresql://localhost:5433/devopsdb
2025-05-01T21:19:50.126+09:00 DEBUG 9124 --- [onnection adder] org.postgresql.jdbc.PgConnection         : PostgreSQL JDBC Driver 42.7.3
2025-05-01T21:19:50.126+09:00 DEBUG 9124 --- [onnection adder] org.postgresql.jdbc.PgConnection         :   setDefaultFetchSize = 0
2025-05-01T21:19:50.126+09:00 DEBUG 9124 --- [onnection adder] org.postgresql.jdbc.PgConnection         :   setPrepareThreshold = 5
2025-05-01T21:19:50.126+09:00 DEBUG 9124 --- [onnection adder] o.p.core.v3.ConnectionFactoryImpl        : Trying to establish a protocol version 3 connection to localhost:5433
2025-05-01T21:19:50.128+09:00 DEBUG 9124 --- [onnection adder] o.p.core.v3.ConnectionFactoryImpl        : Receive Buffer Size is 65,536
2025-05-01T21:19:50.129+09:00 DEBUG 9124 --- [onnection adder] o.p.core.v3.ConnectionFactoryImpl        : Send Buffer Size is 65,536
2025-05-01T21:19:50.138+09:00 DEBUG 9124 --- [    Test worker] o.h.boot.model.internal.AnnotatedColumn  : Binding column: AnnotatedColumn(column='place_id')
2025-05-01T21:19:50.141+09:00 DEBUG 9124 --- [    Test worker] o.h.boot.internal.ClassLoaderAccessImpl  : Not known whether passed class name [swteam6.backend.entity.Place] is safe
2025-05-01T21:19:50.142+09:00 DEBUG 9124 --- [    Test worker] o.h.boot.internal.ClassLoaderAccessImpl  : No temp ClassLoader provided; using live ClassLoader for loading potentially unsafe class : swteam6.backend.entity.Place
2025-05-01T21:19:50.143+09:00 DEBUG 9124 --- [onnection adder] com.zaxxer.hikari.pool.HikariPool        : HikariPool-1 - Added connection org.postgresql.jdbc.PgConnection@19b8c04
2025-05-01T21:19:50.150+09:00 DEBUG 9124 --- [    Test worker] o.h.boot.model.internal.PropertyBinder   : MetadataSourceProcessor property id with lazy=false
2025-05-01T21:19:50.162+09:00 DEBUG 9124 --- [    Test worker] o.h.b.m.internal.AbstractPropertyHolder  : Attempting to locate auto-apply AttributeConverter for property [swteam6.backend.entity.Place:id]
2025-05-01T21:19:50.167+09:00 DEBUG 9124 --- [    Test worker] o.h.b.model.internal.BasicValueBinder    : building BasicValue for id
2025-05-01T21:19:50.173+09:00 DEBUG 9124 --- [    Test worker] org.hibernate.mapping.BasicValue         : Skipping column re-registration: place.place_id
2025-05-01T21:19:50.177+09:00 DEBUG 9124 --- [    Test worker] o.h.boot.model.internal.PropertyBinder   : Building property id
2025-05-01T21:19:50.184+09:00 DEBUG 9124 --- [    Test worker] o.h.boot.model.internal.BinderHelper     : #makeIdGenerator(BasicValue([Column(place_id)]), id, identity, , ...)
2025-05-01T21:19:50.188+09:00 DEBUG 9124 --- [onnection adder] com.zaxxer.hikari.pool.HikariPool        : HikariPool-1 - After adding stats (total=8, active=0, idle=8, waiting=0)
2025-05-01T21:19:50.188+09:00 DEBUG 9124 --- [onnection adder] org.postgresql.Driver                    : Connecting with URL: jdbc:postgresql://localhost:5433/devopsdb
2025-05-01T21:19:50.188+09:00 DEBUG 9124 --- [onnection adder] org.postgresql.jdbc.PgConnection         : PostgreSQL JDBC Driver 42.7.3
2025-05-01T21:19:50.189+09:00 DEBUG 9124 --- [onnection adder] org.postgresql.jdbc.PgConnection         :   setDefaultFetchSize = 0
2025-05-01T21:19:50.189+09:00 DEBUG 9124 --- [onnection adder] org.postgresql.jdbc.PgConnection         :   setPrepareThreshold = 5
2025-05-01T21:19:50.189+09:00 DEBUG 9124 --- [onnection adder] o.p.core.v3.ConnectionFactoryImpl        : Trying to establish a protocol version 3 connection to localhost:5433
2025-05-01T21:19:50.189+09:00 DEBUG 9124 --- [    Test worker] o.h.boot.model.internal.AnnotatedColumn  : Binding column: AnnotatedColumn()
2025-05-01T21:19:50.189+09:00 DEBUG 9124 --- [    Test worker] o.h.boot.model.internal.PropertyBinder   : MetadataSourceProcessor property cuisine with lazy=false
2025-05-01T21:19:50.189+09:00 DEBUG 9124 --- [    Test worker] o.h.b.m.internal.AbstractPropertyHolder  : Attempting to locate auto-apply AttributeConverter for property [swteam6.backend.entity.Place:cuisine]
2025-05-01T21:19:50.190+09:00 DEBUG 9124 --- [    Test worker] o.h.b.model.internal.BasicValueBinder    : building BasicValue for cuisine
2025-05-01T21:19:50.190+09:00 DEBUG 9124 --- [onnection adder] o.p.core.v3.ConnectionFactoryImpl        : Receive Buffer Size is 65,536
2025-05-01T21:19:50.190+09:00 DEBUG 9124 --- [    Test worker] org.hibernate.mapping.BasicValue         : Skipping column re-registration: place.cuisine
2025-05-01T21:19:50.190+09:00 DEBUG 9124 --- [onnection adder] o.p.core.v3.ConnectionFactoryImpl        : Send Buffer Size is 65,536
2025-05-01T21:19:50.191+09:00 DEBUG 9124 --- [    Test worker] o.h.boot.model.internal.PropertyBinder   : Building property cuisine
[...]

   WebMvcAutoConfiguration.ResourceChainCustomizerConfiguration:
      Did not match:
         - @ConditionalOnEnabledResourceChain did not find class org.webjars.WebJarVersionLocator (OnEnabledResourceChainCondition)

   WebMvcAutoConfiguration.WebMvcAutoConfigurationAdapter#beanNameViewResolver:
      Did not match:
         - @ConditionalOnMissingBean (types: org.springframework.web.servlet.view.BeanNameViewResolver; SearchStrategy: all) found beans of type 'org.springframework.web.servlet.view.BeanNameViewResolver' beanNameViewResolver (OnBeanCondition)

   WebServiceTemplateAutoConfiguration:
      Did not match:
         - @ConditionalOnClass did not find required class 'org.springframework.oxm.Marshaller' (OnClassCondition)

   WebServicesAutoConfiguration:
      Did not match:
         - @ConditionalOnClass did not find required class 'org.springframework.ws.transport.http.MessageDispatcherServlet' (OnClassCondition)

   WebSessionIdResolverAutoConfiguration:
      Did not match:
         - @ConditionalOnClass did not find required class 'reactor.core.publisher.Mono' (OnClassCondition)

   WebSocketMessagingAutoConfiguration:
      Did not match:
         - @ConditionalOnClass did not find required class 'org.springframework.web.socket.config.annotation.WebSocketMessageBrokerConfigurer' (OnClassCondition)

   WebSocketReactiveAutoConfiguration:
      Did not match:
         - @ConditionalOnWebApplication did not find reactive web application classes (OnWebApplicationCondition)

   WebSocketServletAutoConfiguration.JettyWebSocketConfiguration:
      Did not match:
         - @ConditionalOnClass did not find required class 'org.eclipse.jetty.ee10.websocket.jakarta.server.config.JakartaWebSocketServletContainerInitializer' (OnClassCondition)

   WebSocketServletAutoConfiguration.UndertowWebSocketConfiguration:
      Did not match:
         - @ConditionalOnClass did not find required class 'io.undertow.websockets.jsr.Bootstrap' (OnClassCondition)

   XADataSourceAutoConfiguration:
      Did not match:
         - @ConditionalOnBean (types: org.springframework.boot.jdbc.XADataSourceWrapper; SearchStrategy: all) did not find any beans of type org.springframework.boot.jdbc.XADataSourceWrapper (OnBeanCondition)
      Matched:
         - @ConditionalOnClass found required classes 'javax.sql.DataSource', 'jakarta.transaction.TransactionManager', 'org.springframework.jdbc.datasource.embedded.EmbeddedDatabaseType' (OnClassCondition)


Exclusions:
-----------

    None


Unconditional classes:
----------------------

    org.springframework.boot.autoconfigure.context.ConfigurationPropertiesAutoConfiguration

    org.springframework.boot.autoconfigure.ssl.SslAutoConfiguration

    org.springframework.boot.autoconfigure.context.LifecycleAutoConfiguration

    org.springframework.boot.autoconfigure.context.PropertyPlaceholderAutoConfiguration

    org.springframework.boot.autoconfigure.availability.ApplicationAvailabilityAutoConfiguration

    org.springframework.boot.autoconfigure.info.ProjectInfoAutoConfiguration



2025-05-01T21:19:54.599+09:00  INFO 9124 --- [    Test worker] s.backend.BackendApplicationTests        : Started BackendApplicationTests in 9.613 seconds (process running for 12.165)
2025-05-01T21:19:54.600+09:00 DEBUG 9124 --- [    Test worker] o.s.b.a.ApplicationAvailabilityBean      : Application availability state LivenessState changed to CORRECT
2025-05-01T21:19:54.603+09:00 DEBUG 9124 --- [    Test worker] o.s.b.a.ApplicationAvailabilityBean      : Application availability state ReadinessState changed to ACCEPTING_TRAFFIC
2025-05-01T21:19:54.606+09:00 DEBUG 9124 --- [    Test worker] org.springframework.test.context.cache   : Spring test ApplicationContext cache statistics: [DefaultContextCache@45d32ca3 size = 1, maxSize = 32, parentContextCount = 0, hitCount = 0, missCount = 1, failureCount = 0]
2025-05-01T21:19:54.607+09:00 DEBUG 9124 --- [    Test worker] o.s.t.c.w.ServletTestExecutionListener   : Setting up MockHttpServletRequest, MockHttpServletResponse, ServletWebRequest, and RequestContextHolder for test class swteam6.backend.BackendApplicationTests
2025-05-01T21:19:54.631+09:00 DEBUG 9124 --- [    Test worker] DependencyInjectionTestExecutionListener : Performing dependency injection for test class swteam6.backend.BackendApplicationTests
2025-05-01T21:19:54.631+09:00 DEBUG 9124 --- [    Test worker] org.springframework.test.context.cache   : Spring test ApplicationContext cache statistics: [DefaultContextCache@45d32ca3 size = 1, maxSize = 32, parentContextCount = 0, hitCount = 1, missCount = 1, failureCount = 0]
2025-05-01T21:19:54.633+09:00 DEBUG 9124 --- [    Test worker] org.springframework.test.context.cache   : Spring test ApplicationContext cache statistics: [DefaultContextCache@45d32ca3 size = 1, maxSize = 32, parentContextCount = 0, hitCount = 2, missCount = 1, failureCount = 0]
2025-05-01T21:19:54.637+09:00 DEBUG 9124 --- [    Test worker] sContextBeforeModesTestExecutionListener : Before test method: class [BackendApplicationTests], method [signup_success], class annotated with @DirtiesContext [false] with mode [null], method annotated with @DirtiesContext [false] with mode [null]
2025-05-01T21:19:54.642+09:00 DEBUG 9124 --- [    Test worker] t.c.t.TransactionalTestExecutionListener : Explicit transaction definition [PROPAGATION_REQUIRED,ISOLATION_DEFAULT] found for test class [swteam6.backend.BackendApplicationTests] and test method [signup_success]
2025-05-01T21:19:54.642+09:00 DEBUG 9124 --- [    Test worker] org.springframework.test.context.cache   : Spring test ApplicationContext cache statistics: [DefaultContextCache@45d32ca3 size = 1, maxSize = 32, parentContextCount = 0, hitCount = 3, missCount = 1, failureCount = 0]
2025-05-01T21:19:54.645+09:00 DEBUG 9124 --- [    Test worker] t.c.t.TransactionalTestExecutionListener : No method-level @Rollback override: using default rollback [true] for test method [void swteam6.backend.BackendApplicationTests.signup_success() throws java.lang.Exception]
2025-05-01T21:19:54.646+09:00 DEBUG 9124 --- [    Test worker] o.s.orm.jpa.JpaTransactionManager        : Creating new transaction with name [swteam6.backend.BackendApplicationTests.signup_success]: PROPAGATION_REQUIRED,ISOLATION_DEFAULT
2025-05-01T21:19:54.648+09:00 DEBUG 9124 --- [    Test worker] o.s.orm.jpa.JpaTransactionManager        : Opened new EntityManager [SessionImpl(1069287991<open>)] for JPA transaction
2025-05-01T21:19:54.651+09:00 DEBUG 9124 --- [    Test worker] o.h.e.t.internal.TransactionImpl         : On TransactionImpl creation, JpaCompliance#isJpaTransactionComplianceEnabled == false
2025-05-01T21:19:54.651+09:00 DEBUG 9124 --- [    Test worker] o.h.e.t.internal.TransactionImpl         : begin
2025-05-01T21:19:54.653+09:00 DEBUG 9124 --- [    Test worker] org.postgresql.jdbc.PgConnection         :   setAutoCommit = false
2025-05-01T21:19:54.658+09:00 DEBUG 9124 --- [    Test worker] o.s.orm.jpa.JpaTransactionManager        : Exposing JPA transaction as JDBC [org.springframework.orm.jpa.vendor.HibernateJpaDialect$HibernateConnectionHandle@67b056e7]
2025-05-01T21:19:54.659+09:00 DEBUG 9124 --- [    Test worker] o.s.t.c.transaction.TransactionContext   : Began transaction (1) for test class [swteam6.backend.BackendApplicationTests]; test method [signup_success]; transaction manager [org.springframework.orm.jpa.JpaTransactionManager@6effce89]; rollback [true]
2025-05-01T21:19:54.662+09:00 DEBUG 9124 --- [    Test worker] org.springframework.test.context.cache   : Spring test ApplicationContext cache statistics: [DefaultContextCache@45d32ca3 size = 1, maxSize = 32, parentContextCount = 0, hitCount = 4, missCount = 1, failureCount = 0]
2025-05-01T21:19:54.663+09:00 DEBUG 9124 --- [    Test worker] org.springframework.test.context.cache   : Spring test ApplicationContext cache statistics: [DefaultContextCache@45d32ca3 size = 1, maxSize = 32, parentContextCount = 0, hitCount = 5, missCount = 1, failureCount = 0]
2025-05-01T21:19:55.329+09:00 DEBUG 9124 --- [    Test worker] org.springframework.test.context.cache   : Spring test ApplicationContext cache statistics: [DefaultContextCache@45d32ca3 size = 1, maxSize = 32, parentContextCount = 0, hitCount = 6, missCount = 1, failureCount = 0]
2025-05-01T21:19:55.334+09:00 DEBUG 9124 --- [    Test worker] org.springframework.test.context.cache   : Spring test ApplicationContext cache statistics: [DefaultContextCache@45d32ca3 size = 1, maxSize = 32, parentContextCount = 0, hitCount = 7, missCount = 1, failureCount = 0]
2025-05-01T21:19:55.343+09:00 DEBUG 9124 --- [    Test worker] o.s.orm.jpa.JpaTransactionManager        : Found thread-bound EntityManager [SessionImpl(1069287991<open>)] for JPA transaction
2025-05-01T21:19:55.343+09:00 DEBUG 9124 --- [    Test worker] o.s.orm.jpa.JpaTransactionManager        : Participating in existing transaction
2025-05-01T21:19:55.349+09:00 DEBUG 9124 --- [    Test worker] o.s.orm.jpa.JpaTransactionManager        : Found thread-bound EntityManager [SessionImpl(1069287991<open>)] for JPA transaction
2025-05-01T21:19:55.349+09:00 DEBUG 9124 --- [    Test worker] o.s.orm.jpa.JpaTransactionManager        : Participating in existing transaction
2025-05-01T21:19:55.355+09:00 DEBUG 9124 --- [    Test worker] o.h.j.internal.PersistenceUnitUtilImpl   : jakarta.persistence.PersistenceUnitUtil.getIdentifier is only intended to work with enhanced entities (although Hibernate also adapts this support to its proxies); however the passed entity was not enhanced (nor a proxy).. may not be able to read identifier
2025-05-01T21:19:55.379+09:00 DEBUG 9124 --- [    Test worker] org.hibernate.engine.spi.ActionQueue     : Executing identity-insert immediately
2025-05-01T21:19:55.393+09:00 DEBUG 9124 --- [    Test worker] org.hibernate.SQL                        : 
    insert 
    into
        app_user
        (email, nickname, profile_path) 
    values
        (?, ?, ?)
Hibernate: 
    insert 
    into
        app_user
        (email, nickname, profile_path) 
    values
        (?, ?, ?)
2025-05-01T21:19:55.452+09:00 DEBUG 9124 --- [    Test worker] org.hibernate.orm.results                : Initializer list is empty
2025-05-01T21:19:55.469+09:00 DEBUG 9124 --- [    Test worker] o.h.id.IdentifierGeneratorHelper         : Extracted generated values [swteam6.backend.entity.User]: [Ljava.lang.Object;@16ed8ef6
2025-05-01T21:19:55.484+09:00 DEBUG 9124 --- [    Test worker] org.springframework.test.context.cache   : Spring test ApplicationContext cache statistics: [DefaultContextCache@45d32ca3 size = 1, maxSize = 32, parentContextCount = 0, hitCount = 8, missCount = 1, failureCount = 0]
2025-05-01T21:19:55.485+09:00 DEBUG 9124 --- [    Test worker] org.springframework.test.context.cache   : Spring test ApplicationContext cache statistics: [DefaultContextCache@45d32ca3 size = 1, maxSize = 32, parentContextCount = 0, hitCount = 9, missCount = 1, failureCount = 0]
2025-05-01T21:19:55.487+09:00 DEBUG 9124 --- [    Test worker] org.springframework.test.context.cache   : Spring test ApplicationContext cache statistics: [DefaultContextCache@45d32ca3 size = 1, maxSize = 32, parentContextCount = 0, hitCount = 10, missCount = 1, failureCount = 0]
2025-05-01T21:19:55.488+09:00 DEBUG 9124 --- [    Test worker] org.springframework.test.context.cache   : Spring test ApplicationContext cache statistics: [DefaultContextCache@45d32ca3 size = 1, maxSize = 32, parentContextCount = 0, hitCount = 11, missCount = 1, failureCount = 0]
2025-05-01T21:19:55.488+09:00 DEBUG 9124 --- [    Test worker] org.springframework.test.context.cache   : Spring test ApplicationContext cache statistics: [DefaultContextCache@45d32ca3 size = 1, maxSize = 32, parentContextCount = 0, hitCount = 12, missCount = 1, failureCount = 0]
2025-05-01T21:19:55.489+09:00 DEBUG 9124 --- [    Test worker] org.springframework.test.context.cache   : Spring test ApplicationContext cache statistics: [DefaultContextCache@45d32ca3 size = 1, maxSize = 32, parentContextCount = 0, hitCount = 13, missCount = 1, failureCount = 0]
2025-05-01T21:19:55.491+09:00 DEBUG 9124 --- [    Test worker] org.springframework.test.context.cache   : Spring test ApplicationContext cache statistics: [DefaultContextCache@45d32ca3 size = 1, maxSize = 32, parentContextCount = 0, hitCount = 14, missCount = 1, failureCount = 0]
2025-05-01T21:19:55.492+09:00 DEBUG 9124 --- [    Test worker] o.s.orm.jpa.JpaTransactionManager        : Initiating transaction rollback
2025-05-01T21:19:55.492+09:00 DEBUG 9124 --- [    Test worker] o.s.orm.jpa.JpaTransactionManager        : Rolling back JPA transaction on EntityManager [SessionImpl(1069287991<open>)]
2025-05-01T21:19:55.492+09:00 DEBUG 9124 --- [    Test worker] o.h.e.t.internal.TransactionImpl         : rolling back
2025-05-01T21:19:55.494+09:00 DEBUG 9124 --- [    Test worker] org.postgresql.jdbc.PgConnection         :   setAutoCommit = true
2025-05-01T21:19:55.500+09:00 DEBUG 9124 --- [    Test worker] o.s.orm.jpa.JpaTransactionManager        : Closing JPA EntityManager [SessionImpl(1069287991<open>)] after transaction
2025-05-01T21:19:55.500+09:00 DEBUG 9124 --- [    Test worker] o.s.t.c.transaction.TransactionContext   : Rolled back transaction (1) for test class [swteam6.backend.BackendApplicationTests]; test method [signup_success]
2025-05-01T21:19:55.501+09:00 DEBUG 9124 --- [    Test worker] .c.s.DirtiesContextTestExecutionListener : After test method: class [BackendApplicationTests], method [signup_success], class annotated with @DirtiesContext [false] with mode [null], method annotated with @DirtiesContext [false] with mode [null]
2025-05-01T21:19:55.501+09:00 DEBUG 9124 --- [    Test worker] o.s.t.c.w.ServletTestExecutionListener   : Resetting RequestContextHolder for test class swteam6.backend.BackendApplicationTests
2025-05-01T21:19:55.512+09:00 DEBUG 9124 --- [    Test worker] org.springframework.test.context.cache   : Spring test ApplicationContext cache statistics: [DefaultContextCache@45d32ca3 size = 1, maxSize = 32, parentContextCount = 0, hitCount = 15, missCount = 1, failureCount = 0]
2025-05-01T21:19:55.513+09:00 DEBUG 9124 --- [    Test worker] o.s.t.c.w.ServletTestExecutionListener   : Setting up MockHttpServletRequest, MockHttpServletResponse, ServletWebRequest, and RequestContextHolder for test class swteam6.backend.BackendApplicationTests
2025-05-01T21:19:55.513+09:00 DEBUG 9124 --- [    Test worker] DependencyInjectionTestExecutionListener : Performing dependency injection for test class swteam6.backend.BackendApplicationTests
2025-05-01T21:19:55.513+09:00 DEBUG 9124 --- [    Test worker] org.springframework.test.context.cache   : Spring test ApplicationContext cache statistics: [DefaultContextCache@45d32ca3 size = 1, maxSize = 32, parentContextCount = 0, hitCount = 16, missCount = 1, failureCount = 0]
2025-05-01T21:19:55.513+09:00 DEBUG 9124 --- [    Test worker] org.springframework.test.context.cache   : Spring test ApplicationContext cache statistics: [DefaultContextCache@45d32ca3 size = 1, maxSize = 32, parentContextCount = 0, hitCount = 17, missCount = 1, failureCount = 0]
2025-05-01T21:19:55.515+09:00 DEBUG 9124 --- [    Test worker] sContextBeforeModesTestExecutionListener : Before test method: class [BackendApplicationTests], method [contextLoads], class annotated with @DirtiesContext [false] with mode [null], method annotated with @DirtiesContext [false] with mode [null]
2025-05-01T21:19:55.516+09:00 DEBUG 9124 --- [    Test worker] org.springframework.test.context.cache   : Spring test ApplicationContext cache statistics: [DefaultContextCache@45d32ca3 size = 1, maxSize = 32, parentContextCount = 0, hitCount = 18, missCount = 1, failureCount = 0]
2025-05-01T21:19:55.516+09:00 DEBUG 9124 --- [    Test worker] org.springframework.test.context.cache   : Spring test ApplicationContext cache statistics: [DefaultContextCache@45d32ca3 size = 1, maxSize = 32, parentContextCount = 0, hitCount = 19, missCount = 1, failureCount = 0]
2025-05-01T21:19:55.518+09:00 DEBUG 9124 --- [    Test worker] org.springframework.test.context.cache   : Spring test ApplicationContext cache statistics: [DefaultContextCache@45d32ca3 size = 1, maxSize = 32, parentContextCount = 0, hitCount = 20, missCount = 1, failureCount = 0]
2025-05-01T21:19:55.519+09:00 DEBUG 9124 --- [    Test worker] org.springframework.test.context.cache   : Spring test ApplicationContext cache statistics: [DefaultContextCache@45d32ca3 size = 1, maxSize = 32, parentContextCount = 0, hitCount = 21, missCount = 1, failureCount = 0]
2025-05-01T21:19:55.520+09:00 DEBUG 9124 --- [    Test worker] org.springframework.test.context.cache   : Spring test ApplicationContext cache statistics: [DefaultContextCache@45d32ca3 size = 1, maxSize = 32, parentContextCount = 0, hitCount = 22, missCount = 1, failureCount = 0]
2025-05-01T21:19:55.521+09:00 DEBUG 9124 --- [    Test worker] org.springframework.test.context.cache   : Spring test ApplicationContext cache statistics: [DefaultContextCache@45d32ca3 size = 1, maxSize = 32, parentContextCount = 0, hitCount = 23, missCount = 1, failureCount = 0]
2025-05-01T21:19:55.522+09:00 DEBUG 9124 --- [    Test worker] org.springframework.test.context.cache   : Spring test ApplicationContext cache statistics: [DefaultContextCache@45d32ca3 size = 1, maxSize = 32, parentContextCount = 0, hitCount = 24, missCount = 1, failureCount = 0]
2025-05-01T21:19:55.523+09:00 DEBUG 9124 --- [    Test worker] org.springframework.test.context.cache   : Spring test ApplicationContext cache statistics: [DefaultContextCache@45d32ca3 size = 1, maxSize = 32, parentContextCount = 0, hitCount = 25, missCount = 1, failureCount = 0]
2025-05-01T21:19:55.523+09:00 DEBUG 9124 --- [    Test worker] org.springframework.test.context.cache   : Spring test ApplicationContext cache statistics: [DefaultContextCache@45d32ca3 size = 1, maxSize = 32, parentContextCount = 0, hitCount = 26, missCount = 1, failureCount = 0]
2025-05-01T21:19:55.524+09:00 DEBUG 9124 --- [    Test worker] org.springframework.test.context.cache   : Spring test ApplicationContext cache statistics: [DefaultContextCache@45d32ca3 size = 1, maxSize = 32, parentContextCount = 0, hitCount = 27, missCount = 1, failureCount = 0]
2025-05-01T21:19:55.524+09:00 DEBUG 9124 --- [    Test worker] org.springframework.test.context.cache   : Spring test ApplicationContext cache statistics: [DefaultContextCache@45d32ca3 size = 1, maxSize = 32, parentContextCount = 0, hitCount = 28, missCount = 1, failureCount = 0]
2025-05-01T21:19:55.524+09:00 DEBUG 9124 --- [    Test worker] .c.s.DirtiesContextTestExecutionListener : After test method: class [BackendApplicationTests], method [contextLoads], class annotated with @DirtiesContext [false] with mode [null], method annotated with @DirtiesContext [false] with mode [null]
2025-05-01T21:19:55.525+09:00 DEBUG 9124 --- [    Test worker] o.s.t.c.w.ServletTestExecutionListener   : Resetting RequestContextHolder for test class swteam6.backend.BackendApplicationTests
2025-05-01T21:19:55.527+09:00 DEBUG 9124 --- [    Test worker] org.springframework.test.context.cache   : Spring test ApplicationContext cache statistics: [DefaultContextCache@45d32ca3 size = 1, maxSize = 32, parentContextCount = 0, hitCount = 29, missCount = 1, failureCount = 0]
2025-05-01T21:19:55.528+09:00 DEBUG 9124 --- [    Test worker] org.springframework.test.context.cache   : Spring test ApplicationContext cache statistics: [DefaultContextCache@45d32ca3 size = 1, maxSize = 32, parentContextCount = 0, hitCount = 30, missCount = 1, failureCount = 0]
2025-05-01T21:19:55.528+09:00 DEBUG 9124 --- [    Test worker] .c.s.DirtiesContextTestExecutionListener : After test class: class [BackendApplicationTests], class annotated with @DirtiesContext [false] with mode [null]
]]></system-out>
  <system-err><![CDATA[]]></system-err>
</testsuite>
